2016-11-03 16:13:25,778 [Worker-9] INFO  o.e.m.c.i.p.ProjectConfigurationManager - Collecting project info '/pom.xml' D:\FreshersTraining\freshersbatch-oct16\Assignments\Hibernate\Workspace\CRUD_Operations\pom.xml
2016-11-03 16:13:26,914 [Worker-9] INFO  o.e.m.c.i.l.LifecycleMappingFactory - Using org.eclipse.m2e.jdt.JarLifecycleMapping lifecycle mapping for MavenProject: com.hibernate:CRUD_Operations:0.0.1-SNAPSHOT @ D:\FreshersTraining\freshersbatch-oct16\Assignments\Hibernate\Workspace\CRUD_Operations\pom.xml.
2016-11-03 16:13:27,802 [Worker-9] INFO  o.e.m.j.i.AbstractJavaProjectConfigurator - Adding source folder /CRUD_Operations/src/main/java
2016-11-03 16:13:27,806 [Worker-9] INFO  o.e.m.j.i.AbstractJavaProjectConfigurator - Adding source folder /CRUD_Operations/src/test/java
2016-11-03 16:13:28,297 [Worker-9] INFO  o.e.m.c.i.p.ProjectConfigurationManager - Imported and configured 1 project(s) in 2 sec
2016-11-03 16:13:28,866 [Worker-3] INFO  o.e.m.c.i.embedder.EclipseLogger - Using 'UTF-8' encoding to copy filtered resources.
2016-11-03 16:13:28,867 [Worker-3] INFO  o.e.m.c.i.embedder.EclipseLogger - skip non existing resourceDirectory D:\FreshersTraining\freshersbatch-oct16\Assignments\Hibernate\Workspace\CRUD_Operations\src\main\resources
2016-11-03 16:13:28,869 [Worker-3] INFO  o.e.m.c.i.embedder.EclipseLogger - Using 'UTF-8' encoding to copy filtered resources.
2016-11-03 16:13:28,869 [Worker-3] INFO  o.e.m.c.i.embedder.EclipseLogger - skip non existing resourceDirectory D:\FreshersTraining\freshersbatch-oct16\Assignments\Hibernate\Workspace\CRUD_Operations\src\test\resources
2016-11-03 16:14:26,315 [Worker-10] INFO  o.e.m.c.i.l.LifecycleMappingFactory - Using org.eclipse.m2e.jdt.JarLifecycleMapping lifecycle mapping for MavenProject: com.hibernate:HB_CRUD:0.0.1-SNAPSHOT @ D:\FreshersTraining\freshersbatch-oct16\Assignments\Hibernate\Workspace\CRUD_Operations\pom.xml.
2016-11-03 16:14:29,086 [Worker-10] INFO  o.e.m.c.i.e.AbstractTransferListenerAdapter - Downloading https://repo.maven.apache.org/maven2/org/hibernate/hibernate-core/5.1.0.Final/hibernate-core-5.1.0.Final.pom
2016-11-03 16:14:29,409 [Worker-10] INFO  o.e.m.c.i.e.AbstractTransferListenerAdapter - Downloaded https://repo.maven.apache.org/maven2/org/hibernate/hibernate-core/5.1.0.Final/hibernate-core-5.1.0.Final.pom
2016-11-03 16:14:29,736 [Worker-10] INFO  o.e.m.c.i.e.AbstractTransferListenerAdapter - Downloading https://repo.maven.apache.org/maven2/org/jboss/logging/jboss-logging/3.3.0.Final/jboss-logging-3.3.0.Final.pom
2016-11-03 16:14:30,054 [Worker-10] INFO  o.e.m.c.i.e.AbstractTransferListenerAdapter - Downloaded https://repo.maven.apache.org/maven2/org/jboss/logging/jboss-logging/3.3.0.Final/jboss-logging-3.3.0.Final.pom
2016-11-03 16:14:30,378 [Worker-10] INFO  o.e.m.c.i.e.AbstractTransferListenerAdapter - Downloading https://repo.maven.apache.org/maven2/org/jboss/jboss-parent/15/jboss-parent-15.pom
2016-11-03 16:14:31,107 [Worker-10] INFO  o.e.m.c.i.e.AbstractTransferListenerAdapter - Downloaded https://repo.maven.apache.org/maven2/org/jboss/jboss-parent/15/jboss-parent-15.pom
2016-11-03 16:14:31,433 [Worker-10] INFO  o.e.m.c.i.e.AbstractTransferListenerAdapter - Downloading https://repo.maven.apache.org/maven2/org/hibernate/javax/persistence/hibernate-jpa-2.1-api/1.0.0.Final/hibernate-jpa-2.1-api-1.0.0.Final.pom
2016-11-03 16:14:31,744 [Worker-10] INFO  o.e.m.c.i.e.AbstractTransferListenerAdapter - Downloaded https://repo.maven.apache.org/maven2/org/hibernate/javax/persistence/hibernate-jpa-2.1-api/1.0.0.Final/hibernate-jpa-2.1-api-1.0.0.Final.pom
2016-11-03 16:14:32,062 [Worker-10] INFO  o.e.m.c.i.e.AbstractTransferListenerAdapter - Downloading https://repo.maven.apache.org/maven2/org/javassist/javassist/3.20.0-GA/javassist-3.20.0-GA.pom
2016-11-03 16:14:32,400 [Worker-10] INFO  o.e.m.c.i.e.AbstractTransferListenerAdapter - Downloaded https://repo.maven.apache.org/maven2/org/javassist/javassist/3.20.0-GA/javassist-3.20.0-GA.pom
2016-11-03 16:14:32,730 [Worker-10] INFO  o.e.m.c.i.e.AbstractTransferListenerAdapter - Downloading https://repo.maven.apache.org/maven2/antlr/antlr/2.7.7/antlr-2.7.7.pom
2016-11-03 16:14:33,043 [Worker-10] INFO  o.e.m.c.i.e.AbstractTransferListenerAdapter - Downloaded https://repo.maven.apache.org/maven2/antlr/antlr/2.7.7/antlr-2.7.7.pom
2016-11-03 16:14:33,365 [Worker-10] INFO  o.e.m.c.i.e.AbstractTransferListenerAdapter - Downloading https://repo.maven.apache.org/maven2/org/apache/geronimo/specs/geronimo-jta_1.1_spec/1.1.1/geronimo-jta_1.1_spec-1.1.1.pom
2016-11-03 16:14:33,678 [Worker-10] INFO  o.e.m.c.i.e.AbstractTransferListenerAdapter - Downloaded https://repo.maven.apache.org/maven2/org/apache/geronimo/specs/geronimo-jta_1.1_spec/1.1.1/geronimo-jta_1.1_spec-1.1.1.pom
2016-11-03 16:14:34,003 [Worker-10] INFO  o.e.m.c.i.e.AbstractTransferListenerAdapter - Downloading https://repo.maven.apache.org/maven2/org/apache/geronimo/specs/specs/1.4/specs-1.4.pom
2016-11-03 16:14:34,348 [Worker-10] INFO  o.e.m.c.i.e.AbstractTransferListenerAdapter - Downloaded https://repo.maven.apache.org/maven2/org/apache/geronimo/specs/specs/1.4/specs-1.4.pom
2016-11-03 16:14:34,675 [Worker-10] INFO  o.e.m.c.i.e.AbstractTransferListenerAdapter - Downloading https://repo.maven.apache.org/maven2/org/apache/geronimo/genesis/config/project-config/1.2/project-config-1.2.pom
2016-11-03 16:14:35,058 [Worker-10] INFO  o.e.m.c.i.e.AbstractTransferListenerAdapter - Downloaded https://repo.maven.apache.org/maven2/org/apache/geronimo/genesis/config/project-config/1.2/project-config-1.2.pom
2016-11-03 16:14:35,379 [Worker-10] INFO  o.e.m.c.i.e.AbstractTransferListenerAdapter - Downloading https://repo.maven.apache.org/maven2/org/apache/geronimo/genesis/config/config/1.2/config-1.2.pom
2016-11-03 16:14:35,691 [Worker-10] INFO  o.e.m.c.i.e.AbstractTransferListenerAdapter - Downloaded https://repo.maven.apache.org/maven2/org/apache/geronimo/genesis/config/config/1.2/config-1.2.pom
2016-11-03 16:14:36,012 [Worker-10] INFO  o.e.m.c.i.e.AbstractTransferListenerAdapter - Downloading https://repo.maven.apache.org/maven2/org/apache/geronimo/genesis/genesis/1.2/genesis-1.2.pom
2016-11-03 16:14:36,349 [Worker-10] INFO  o.e.m.c.i.e.AbstractTransferListenerAdapter - Downloaded https://repo.maven.apache.org/maven2/org/apache/geronimo/genesis/genesis/1.2/genesis-1.2.pom
2016-11-03 16:14:36,665 [Worker-10] INFO  o.e.m.c.i.e.AbstractTransferListenerAdapter - Downloading https://repo.maven.apache.org/maven2/org/jboss/jandex/2.0.0.Final/jandex-2.0.0.Final.pom
2016-11-03 16:14:36,984 [Worker-10] INFO  o.e.m.c.i.e.AbstractTransferListenerAdapter - Downloaded https://repo.maven.apache.org/maven2/org/jboss/jandex/2.0.0.Final/jandex-2.0.0.Final.pom
2016-11-03 16:14:37,304 [Worker-10] INFO  o.e.m.c.i.e.AbstractTransferListenerAdapter - Downloading https://repo.maven.apache.org/maven2/org/jboss/jboss-parent/12/jboss-parent-12.pom
2016-11-03 16:14:37,710 [Worker-10] INFO  o.e.m.c.i.e.AbstractTransferListenerAdapter - Downloaded https://repo.maven.apache.org/maven2/org/jboss/jboss-parent/12/jboss-parent-12.pom
2016-11-03 16:14:38,047 [Worker-10] INFO  o.e.m.c.i.e.AbstractTransferListenerAdapter - Downloading https://repo.maven.apache.org/maven2/com/fasterxml/classmate/1.3.0/classmate-1.3.0.pom
2016-11-03 16:14:38,367 [Worker-10] INFO  o.e.m.c.i.e.AbstractTransferListenerAdapter - Downloaded https://repo.maven.apache.org/maven2/com/fasterxml/classmate/1.3.0/classmate-1.3.0.pom
2016-11-03 16:14:38,693 [Worker-10] INFO  o.e.m.c.i.e.AbstractTransferListenerAdapter - Downloading https://repo.maven.apache.org/maven2/com/fasterxml/oss-parent/24/oss-parent-24.pom
2016-11-03 16:14:39,049 [Worker-10] INFO  o.e.m.c.i.e.AbstractTransferListenerAdapter - Downloaded https://repo.maven.apache.org/maven2/com/fasterxml/oss-parent/24/oss-parent-24.pom
2016-11-03 16:14:39,378 [Worker-10] INFO  o.e.m.c.i.e.AbstractTransferListenerAdapter - Downloading https://repo.maven.apache.org/maven2/dom4j/dom4j/1.6.1/dom4j-1.6.1.pom
2016-11-03 16:14:39,696 [Worker-10] INFO  o.e.m.c.i.e.AbstractTransferListenerAdapter - Downloaded https://repo.maven.apache.org/maven2/dom4j/dom4j/1.6.1/dom4j-1.6.1.pom
2016-11-03 16:14:40,023 [Worker-10] INFO  o.e.m.c.i.e.AbstractTransferListenerAdapter - Downloading https://repo.maven.apache.org/maven2/xml-apis/xml-apis/1.0.b2/xml-apis-1.0.b2.pom
2016-11-03 16:14:40,338 [Worker-10] INFO  o.e.m.c.i.e.AbstractTransferListenerAdapter - Downloaded https://repo.maven.apache.org/maven2/xml-apis/xml-apis/1.0.b2/xml-apis-1.0.b2.pom
2016-11-03 16:14:40,668 [Worker-10] INFO  o.e.m.c.i.e.AbstractTransferListenerAdapter - Downloading https://repo.maven.apache.org/maven2/org/hibernate/common/hibernate-commons-annotations/5.0.1.Final/hibernate-commons-annotations-5.0.1.Final.pom
2016-11-03 16:14:40,979 [Worker-10] INFO  o.e.m.c.i.e.AbstractTransferListenerAdapter - Downloaded https://repo.maven.apache.org/maven2/org/hibernate/common/hibernate-commons-annotations/5.0.1.Final/hibernate-commons-annotations-5.0.1.Final.pom
2016-11-03 16:14:41,300 [Worker-10] INFO  o.e.m.c.i.e.AbstractTransferListenerAdapter - Downloading https://repo.maven.apache.org/maven2/org/hibernate/hibernate-entitymanager/5.1.0.Final/hibernate-entitymanager-5.1.0.Final.pom
2016-11-03 16:14:41,613 [Worker-10] INFO  o.e.m.c.i.e.AbstractTransferListenerAdapter - Downloaded https://repo.maven.apache.org/maven2/org/hibernate/hibernate-entitymanager/5.1.0.Final/hibernate-entitymanager-5.1.0.Final.pom
2016-11-03 16:14:42,006 [Worker-10] INFO  o.e.m.c.i.e.AbstractTransferListenerAdapter - Downloading https://repo.maven.apache.org/maven2/org/hibernate/hibernate-osgi/5.1.0.Final/hibernate-osgi-5.1.0.Final.pom
2016-11-03 16:14:42,337 [Worker-10] INFO  o.e.m.c.i.e.AbstractTransferListenerAdapter - Downloaded https://repo.maven.apache.org/maven2/org/hibernate/hibernate-osgi/5.1.0.Final/hibernate-osgi-5.1.0.Final.pom
2016-11-03 16:14:42,741 [Worker-10] INFO  o.e.m.c.i.e.AbstractTransferListenerAdapter - Downloading https://repo.maven.apache.org/maven2/org/osgi/org.osgi.core/4.3.1/org.osgi.core-4.3.1.pom
2016-11-03 16:14:43,055 [Worker-10] INFO  o.e.m.c.i.e.AbstractTransferListenerAdapter - Downloaded https://repo.maven.apache.org/maven2/org/osgi/org.osgi.core/4.3.1/org.osgi.core-4.3.1.pom
2016-11-03 16:14:43,373 [Worker-10] INFO  o.e.m.c.i.e.AbstractTransferListenerAdapter - Downloading https://repo.maven.apache.org/maven2/org/osgi/org.osgi.compendium/4.3.1/org.osgi.compendium-4.3.1.pom
2016-11-03 16:14:43,688 [Worker-10] INFO  o.e.m.c.i.e.AbstractTransferListenerAdapter - Downloaded https://repo.maven.apache.org/maven2/org/osgi/org.osgi.compendium/4.3.1/org.osgi.compendium-4.3.1.pom
2016-11-03 16:14:44,011 [Worker-10] INFO  o.e.m.c.i.e.AbstractTransferListenerAdapter - Downloading https://repo.maven.apache.org/maven2/org/hibernate/hibernate-envers/5.1.0.Final/hibernate-envers-5.1.0.Final.pom
2016-11-03 16:14:44,330 [Worker-10] INFO  o.e.m.c.i.e.AbstractTransferListenerAdapter - Downloaded https://repo.maven.apache.org/maven2/org/hibernate/hibernate-envers/5.1.0.Final/hibernate-envers-5.1.0.Final.pom
2016-11-03 16:14:44,684 [Worker-10] INFO  o.e.m.c.i.e.AbstractTransferListenerAdapter - Downloading https://repo.maven.apache.org/maven2/org/hibernate/hibernate-c3p0/5.1.0.Final/hibernate-c3p0-5.1.0.Final.pom
2016-11-03 16:14:44,999 [Worker-10] INFO  o.e.m.c.i.e.AbstractTransferListenerAdapter - Downloaded https://repo.maven.apache.org/maven2/org/hibernate/hibernate-c3p0/5.1.0.Final/hibernate-c3p0-5.1.0.Final.pom
2016-11-03 16:14:45,325 [Worker-10] INFO  o.e.m.c.i.e.AbstractTransferListenerAdapter - Downloading https://repo.maven.apache.org/maven2/com/mchange/c3p0/0.9.2.1/c3p0-0.9.2.1.pom
2016-11-03 16:14:45,642 [Worker-10] INFO  o.e.m.c.i.e.AbstractTransferListenerAdapter - Downloaded https://repo.maven.apache.org/maven2/com/mchange/c3p0/0.9.2.1/c3p0-0.9.2.1.pom
2016-11-03 16:14:45,963 [Worker-10] INFO  o.e.m.c.i.e.AbstractTransferListenerAdapter - Downloading https://repo.maven.apache.org/maven2/com/mchange/mchange-commons-java/0.2.3.4/mchange-commons-java-0.2.3.4.pom
2016-11-03 16:14:46,273 [Worker-10] INFO  o.e.m.c.i.e.AbstractTransferListenerAdapter - Downloaded https://repo.maven.apache.org/maven2/com/mchange/mchange-commons-java/0.2.3.4/mchange-commons-java-0.2.3.4.pom
2016-11-03 16:14:46,599 [Worker-10] INFO  o.e.m.c.i.e.AbstractTransferListenerAdapter - Downloading https://repo.maven.apache.org/maven2/org/hibernate/hibernate-proxool/5.1.0.Final/hibernate-proxool-5.1.0.Final.pom
2016-11-03 16:14:46,916 [Worker-10] INFO  o.e.m.c.i.e.AbstractTransferListenerAdapter - Downloaded https://repo.maven.apache.org/maven2/org/hibernate/hibernate-proxool/5.1.0.Final/hibernate-proxool-5.1.0.Final.pom
2016-11-03 16:14:47,238 [Worker-10] INFO  o.e.m.c.i.e.AbstractTransferListenerAdapter - Downloading https://repo.maven.apache.org/maven2/proxool/proxool/0.8.3/proxool-0.8.3.pom
2016-11-03 16:14:47,554 [Worker-10] INFO  o.e.m.c.i.e.AbstractTransferListenerAdapter - Downloaded https://repo.maven.apache.org/maven2/proxool/proxool/0.8.3/proxool-0.8.3.pom
2016-11-03 16:14:47,873 [Worker-10] INFO  o.e.m.c.i.e.AbstractTransferListenerAdapter - Downloading https://repo.maven.apache.org/maven2/org/hibernate/hibernate-infinispan/5.1.0.Final/hibernate-infinispan-5.1.0.Final.pom
2016-11-03 16:14:48,188 [Worker-10] INFO  o.e.m.c.i.e.AbstractTransferListenerAdapter - Downloaded https://repo.maven.apache.org/maven2/org/hibernate/hibernate-infinispan/5.1.0.Final/hibernate-infinispan-5.1.0.Final.pom
2016-11-03 16:14:48,519 [Worker-10] INFO  o.e.m.c.i.e.AbstractTransferListenerAdapter - Downloading https://repo.maven.apache.org/maven2/org/infinispan/infinispan-core/8.1.0.Final/infinispan-core-8.1.0.Final.pom
2016-11-03 16:14:48,844 [Worker-10] INFO  o.e.m.c.i.e.AbstractTransferListenerAdapter - Downloaded https://repo.maven.apache.org/maven2/org/infinispan/infinispan-core/8.1.0.Final/infinispan-core-8.1.0.Final.pom
2016-11-03 16:14:49,168 [Worker-10] INFO  o.e.m.c.i.e.AbstractTransferListenerAdapter - Downloading https://repo.maven.apache.org/maven2/org/infinispan/infinispan-parent/8.1.0.Final/infinispan-parent-8.1.0.Final.pom
2016-11-03 16:14:49,823 [Worker-10] INFO  o.e.m.c.i.e.AbstractTransferListenerAdapter - Downloaded https://repo.maven.apache.org/maven2/org/infinispan/infinispan-parent/8.1.0.Final/infinispan-parent-8.1.0.Final.pom
2016-11-03 16:14:50,174 [Worker-10] INFO  o.e.m.c.i.e.AbstractTransferListenerAdapter - Downloading https://repo.maven.apache.org/maven2/org/infinispan/infinispan-bom/8.1.0.Final/infinispan-bom-8.1.0.Final.pom
2016-11-03 16:14:50,503 [Worker-10] INFO  o.e.m.c.i.e.AbstractTransferListenerAdapter - Downloaded https://repo.maven.apache.org/maven2/org/infinispan/infinispan-bom/8.1.0.Final/infinispan-bom-8.1.0.Final.pom
2016-11-03 16:14:50,846 [Worker-10] INFO  o.e.m.c.i.e.AbstractTransferListenerAdapter - Downloading https://repo.maven.apache.org/maven2/org/jboss/arquillian/arquillian-bom/1.1.5.Final/arquillian-bom-1.1.5.Final.pom
2016-11-03 16:14:51,161 [Worker-10] INFO  o.e.m.c.i.e.AbstractTransferListenerAdapter - Downloaded https://repo.maven.apache.org/maven2/org/jboss/arquillian/arquillian-bom/1.1.5.Final/arquillian-bom-1.1.5.Final.pom
2016-11-03 16:14:53,030 [Worker-10] INFO  o.e.m.c.i.e.AbstractTransferListenerAdapter - Downloading https://repository.jboss.org/nexus/content/groups/public/org/jboss/shrinkwrap/shrinkwrap-bom/1.2.2/shrinkwrap-bom-1.2.2.pom
2016-11-03 16:14:54,057 [Worker-10] INFO  o.e.m.c.i.e.AbstractTransferListenerAdapter - Downloaded https://repository.jboss.org/nexus/content/groups/public/org/jboss/shrinkwrap/shrinkwrap-bom/1.2.2/shrinkwrap-bom-1.2.2.pom
2016-11-03 16:14:54,337 [Worker-10] INFO  o.e.m.c.i.e.AbstractTransferListenerAdapter - Downloading https://repository.jboss.org/nexus/content/groups/public/org/jboss/shrinkwrap/resolver/shrinkwrap-resolver-bom/2.1.0/shrinkwrap-resolver-bom-2.1.0.pom
2016-11-03 16:14:55,312 [Worker-10] INFO  o.e.m.c.i.e.AbstractTransferListenerAdapter - Downloaded https://repository.jboss.org/nexus/content/groups/public/org/jboss/shrinkwrap/resolver/shrinkwrap-resolver-bom/2.1.0/shrinkwrap-resolver-bom-2.1.0.pom
2016-11-03 16:14:55,591 [Worker-10] INFO  o.e.m.c.i.e.AbstractTransferListenerAdapter - Downloading https://repository.jboss.org/nexus/content/groups/public/org/jboss/shrinkwrap/descriptors/shrinkwrap-descriptors-bom/2.0.0-alpha-5/shrinkwrap-descriptors-bom-2.0.0-alpha-5.pom
2016-11-03 16:14:56,567 [Worker-10] INFO  o.e.m.c.i.e.AbstractTransferListenerAdapter - Downloaded https://repository.jboss.org/nexus/content/groups/public/org/jboss/shrinkwrap/descriptors/shrinkwrap-descriptors-bom/2.0.0-alpha-5/shrinkwrap-descriptors-bom-2.0.0-alpha-5.pom
2016-11-03 16:14:56,898 [Worker-10] INFO  o.e.m.c.i.e.AbstractTransferListenerAdapter - Downloading https://repo.maven.apache.org/maven2/org/infinispan/infinispan-commons/8.1.0.Final/infinispan-commons-8.1.0.Final.pom
2016-11-03 16:14:57,215 [Worker-10] INFO  o.e.m.c.i.e.AbstractTransferListenerAdapter - Downloaded https://repo.maven.apache.org/maven2/org/infinispan/infinispan-commons/8.1.0.Final/infinispan-commons-8.1.0.Final.pom
2016-11-03 16:14:57,551 [Worker-10] INFO  o.e.m.c.i.e.AbstractTransferListenerAdapter - Downloading https://repo.maven.apache.org/maven2/org/jgroups/jgroups/3.6.4.Final/jgroups-3.6.4.Final.pom
2016-11-03 16:14:57,890 [Worker-10] INFO  o.e.m.c.i.e.AbstractTransferListenerAdapter - Downloaded https://repo.maven.apache.org/maven2/org/jgroups/jgroups/3.6.4.Final/jgroups-3.6.4.Final.pom
2016-11-03 16:14:58,212 [Worker-10] INFO  o.e.m.c.i.e.AbstractTransferListenerAdapter - Downloading https://repo.maven.apache.org/maven2/org/jboss/spec/javax/transaction/jboss-transaction-api_1.1_spec/1.0.1.Final/jboss-transaction-api_1.1_spec-1.0.1.Final.pom
2016-11-03 16:14:58,528 [Worker-10] INFO  o.e.m.c.i.e.AbstractTransferListenerAdapter - Downloaded https://repo.maven.apache.org/maven2/org/jboss/spec/javax/transaction/jboss-transaction-api_1.1_spec/1.0.1.Final/jboss-transaction-api_1.1_spec-1.0.1.Final.pom
2016-11-03 16:14:58,849 [Worker-10] INFO  o.e.m.c.i.e.AbstractTransferListenerAdapter - Downloading https://repo.maven.apache.org/maven2/org/jboss/jboss-parent/9/jboss-parent-9.pom
2016-11-03 16:14:59,220 [Worker-10] INFO  o.e.m.c.i.e.AbstractTransferListenerAdapter - Downloaded https://repo.maven.apache.org/maven2/org/jboss/jboss-parent/9/jboss-parent-9.pom
2016-11-03 16:14:59,555 [Worker-10] INFO  o.e.m.c.i.e.AbstractTransferListenerAdapter - Downloading https://repo.maven.apache.org/maven2/org/jboss/marshalling/jboss-marshalling-osgi/1.4.10.Final/jboss-marshalling-osgi-1.4.10.Final.pom
2016-11-03 16:14:59,871 [Worker-10] INFO  o.e.m.c.i.e.AbstractTransferListenerAdapter - Downloaded https://repo.maven.apache.org/maven2/org/jboss/marshalling/jboss-marshalling-osgi/1.4.10.Final/jboss-marshalling-osgi-1.4.10.Final.pom
2016-11-03 16:15:00,194 [Worker-10] INFO  o.e.m.c.i.e.AbstractTransferListenerAdapter - Downloading https://repo.maven.apache.org/maven2/org/jboss/marshalling/jboss-marshalling-parent/1.4.10.Final/jboss-marshalling-parent-1.4.10.Final.pom
2016-11-03 16:15:00,508 [Worker-10] INFO  o.e.m.c.i.e.AbstractTransferListenerAdapter - Downloaded https://repo.maven.apache.org/maven2/org/jboss/marshalling/jboss-marshalling-parent/1.4.10.Final/jboss-marshalling-parent-1.4.10.Final.pom
2016-11-03 16:15:00,845 [Worker-10] INFO  o.e.m.c.i.e.AbstractTransferListenerAdapter - Downloading https://repo.maven.apache.org/maven2/org/jboss/jboss-parent/11/jboss-parent-11.pom
2016-11-03 16:15:01,221 [Worker-10] INFO  o.e.m.c.i.e.AbstractTransferListenerAdapter - Downloaded https://repo.maven.apache.org/maven2/org/jboss/jboss-parent/11/jboss-parent-11.pom
2016-11-03 16:15:01,558 [Worker-10] INFO  o.e.m.c.i.e.AbstractTransferListenerAdapter - Downloading https://repo.maven.apache.org/maven2/org/hibernate/hibernate-ehcache/5.1.0.Final/hibernate-ehcache-5.1.0.Final.pom
2016-11-03 16:15:01,962 [Worker-10] INFO  o.e.m.c.i.e.AbstractTransferListenerAdapter - Downloaded https://repo.maven.apache.org/maven2/org/hibernate/hibernate-ehcache/5.1.0.Final/hibernate-ehcache-5.1.0.Final.pom
2016-11-03 16:15:02,617 [Worker-10] INFO  o.e.m.c.i.e.AbstractTransferListenerAdapter - Downloading https://repo.maven.apache.org/maven2/net/sf/ehcache/ehcache/2.10.1/ehcache-2.10.1.pom
2016-11-03 16:15:03,037 [Worker-10] INFO  o.e.m.c.i.e.AbstractTransferListenerAdapter - Downloaded https://repo.maven.apache.org/maven2/net/sf/ehcache/ehcache/2.10.1/ehcache-2.10.1.pom
2016-11-03 16:15:03,381 [Worker-10] INFO  o.e.m.c.i.e.AbstractTransferListenerAdapter - Downloading https://repo.maven.apache.org/maven2/net/sf/ehcache/ehcache-root/2.10.1/ehcache-root-2.10.1.pom
2016-11-03 16:15:03,705 [Worker-10] INFO  o.e.m.c.i.e.AbstractTransferListenerAdapter - Downloaded https://repo.maven.apache.org/maven2/net/sf/ehcache/ehcache-root/2.10.1/ehcache-root-2.10.1.pom
2016-11-03 16:15:04,018 [Worker-10] INFO  o.e.m.c.i.e.AbstractTransferListenerAdapter - Downloading https://repo.maven.apache.org/maven2/net/sf/ehcache/ehcache-parent/2.18/ehcache-parent-2.18.pom
2016-11-03 16:15:04,357 [Worker-10] INFO  o.e.m.c.i.e.AbstractTransferListenerAdapter - Downloaded https://repo.maven.apache.org/maven2/net/sf/ehcache/ehcache-parent/2.18/ehcache-parent-2.18.pom
2016-11-03 16:15:04,687 [Worker-10] INFO  o.e.m.c.i.e.AbstractTransferListenerAdapter - Downloading https://repo.maven.apache.org/maven2/org/slf4j/slf4j-api/1.7.7/slf4j-api-1.7.7.pom
2016-11-03 16:15:05,047 [Worker-10] INFO  o.e.m.c.i.e.AbstractTransferListenerAdapter - Downloaded https://repo.maven.apache.org/maven2/org/slf4j/slf4j-api/1.7.7/slf4j-api-1.7.7.pom
2016-11-03 16:15:05,364 [Worker-10] INFO  o.e.m.c.i.e.AbstractTransferListenerAdapter - Downloading https://repo.maven.apache.org/maven2/org/slf4j/slf4j-parent/1.7.7/slf4j-parent-1.7.7.pom
2016-11-03 16:15:05,698 [Worker-10] INFO  o.e.m.c.i.e.AbstractTransferListenerAdapter - Downloaded https://repo.maven.apache.org/maven2/org/slf4j/slf4j-parent/1.7.7/slf4j-parent-1.7.7.pom
2016-11-03 16:15:06,068 [Worker-10] INFO  o.e.m.c.i.e.AbstractTransferListenerAdapter - Downloading https://repo.maven.apache.org/maven2/org/hibernate/hibernate-core/5.1.0.Final/hibernate-core-5.1.0.Final.jar
2016-11-03 16:15:15,288 [Worker-10] INFO  o.e.m.c.i.e.AbstractTransferListenerAdapter - Downloaded https://repo.maven.apache.org/maven2/org/hibernate/hibernate-core/5.1.0.Final/hibernate-core-5.1.0.Final.jar
2016-11-03 16:15:15,634 [Worker-10] INFO  o.e.m.c.i.e.AbstractTransferListenerAdapter - Downloading https://repo.maven.apache.org/maven2/org/jboss/logging/jboss-logging/3.3.0.Final/jboss-logging-3.3.0.Final.jar
2016-11-03 16:15:15,998 [Worker-10] INFO  o.e.m.c.i.e.AbstractTransferListenerAdapter - Downloaded https://repo.maven.apache.org/maven2/org/jboss/logging/jboss-logging/3.3.0.Final/jboss-logging-3.3.0.Final.jar
2016-11-03 16:15:16,651 [Worker-10] INFO  o.e.m.c.i.e.AbstractTransferListenerAdapter - Downloading https://repo.maven.apache.org/maven2/org/hibernate/javax/persistence/hibernate-jpa-2.1-api/1.0.0.Final/hibernate-jpa-2.1-api-1.0.0.Final.jar
2016-11-03 16:15:17,426 [Worker-10] INFO  o.e.m.c.i.e.AbstractTransferListenerAdapter - Downloaded https://repo.maven.apache.org/maven2/org/hibernate/javax/persistence/hibernate-jpa-2.1-api/1.0.0.Final/hibernate-jpa-2.1-api-1.0.0.Final.jar
2016-11-03 16:15:17,917 [Worker-10] INFO  o.e.m.c.i.e.AbstractTransferListenerAdapter - Downloading https://repo.maven.apache.org/maven2/org/javassist/javassist/3.20.0-GA/javassist-3.20.0-GA.jar
2016-11-03 16:15:18,721 [Worker-10] INFO  o.e.m.c.i.e.AbstractTransferListenerAdapter - Downloaded https://repo.maven.apache.org/maven2/org/javassist/javassist/3.20.0-GA/javassist-3.20.0-GA.jar
2016-11-03 16:15:19,052 [Worker-10] INFO  o.e.m.c.i.e.AbstractTransferListenerAdapter - Downloading https://repo.maven.apache.org/maven2/antlr/antlr/2.7.7/antlr-2.7.7.jar
2016-11-03 16:15:19,582 [Worker-10] INFO  o.e.m.c.i.e.AbstractTransferListenerAdapter - Downloaded https://repo.maven.apache.org/maven2/antlr/antlr/2.7.7/antlr-2.7.7.jar
2016-11-03 16:15:19,905 [Worker-10] INFO  o.e.m.c.i.e.AbstractTransferListenerAdapter - Downloading https://repo.maven.apache.org/maven2/org/apache/geronimo/specs/geronimo-jta_1.1_spec/1.1.1/geronimo-jta_1.1_spec-1.1.1.jar
2016-11-03 16:15:20,210 [Worker-10] INFO  o.e.m.c.i.e.AbstractTransferListenerAdapter - Downloaded https://repo.maven.apache.org/maven2/org/apache/geronimo/specs/geronimo-jta_1.1_spec/1.1.1/geronimo-jta_1.1_spec-1.1.1.jar
2016-11-03 16:15:20,532 [Worker-10] INFO  o.e.m.c.i.e.AbstractTransferListenerAdapter - Downloading https://repo.maven.apache.org/maven2/org/jboss/jandex/2.0.0.Final/jandex-2.0.0.Final.jar
2016-11-03 16:15:20,920 [Worker-10] INFO  o.e.m.c.i.e.AbstractTransferListenerAdapter - Downloaded https://repo.maven.apache.org/maven2/org/jboss/jandex/2.0.0.Final/jandex-2.0.0.Final.jar
2016-11-03 16:15:21,249 [Worker-10] INFO  o.e.m.c.i.e.AbstractTransferListenerAdapter - Downloading https://repo.maven.apache.org/maven2/com/fasterxml/classmate/1.3.0/classmate-1.3.0.jar
2016-11-03 16:15:21,679 [Worker-10] INFO  o.e.m.c.i.e.AbstractTransferListenerAdapter - Downloaded https://repo.maven.apache.org/maven2/com/fasterxml/classmate/1.3.0/classmate-1.3.0.jar
2016-11-03 16:15:22,003 [Worker-10] INFO  o.e.m.c.i.e.AbstractTransferListenerAdapter - Downloading https://repo.maven.apache.org/maven2/dom4j/dom4j/1.6.1/dom4j-1.6.1.jar
2016-11-03 16:15:22,474 [Worker-10] INFO  o.e.m.c.i.e.AbstractTransferListenerAdapter - Downloaded https://repo.maven.apache.org/maven2/dom4j/dom4j/1.6.1/dom4j-1.6.1.jar
2016-11-03 16:15:22,806 [Worker-10] INFO  o.e.m.c.i.e.AbstractTransferListenerAdapter - Downloading https://repo.maven.apache.org/maven2/xml-apis/xml-apis/1.0.b2/xml-apis-1.0.b2.jar
2016-11-03 16:15:23,167 [Worker-10] INFO  o.e.m.c.i.e.AbstractTransferListenerAdapter - Downloaded https://repo.maven.apache.org/maven2/xml-apis/xml-apis/1.0.b2/xml-apis-1.0.b2.jar
2016-11-03 16:15:23,477 [Worker-10] INFO  o.e.m.c.i.e.AbstractTransferListenerAdapter - Downloading https://repo.maven.apache.org/maven2/org/hibernate/common/hibernate-commons-annotations/5.0.1.Final/hibernate-commons-annotations-5.0.1.Final.jar
2016-11-03 16:15:23,829 [Worker-10] INFO  o.e.m.c.i.e.AbstractTransferListenerAdapter - Downloaded https://repo.maven.apache.org/maven2/org/hibernate/common/hibernate-commons-annotations/5.0.1.Final/hibernate-commons-annotations-5.0.1.Final.jar
2016-11-03 16:15:24,162 [Worker-10] INFO  o.e.m.c.i.e.AbstractTransferListenerAdapter - Downloading https://repo.maven.apache.org/maven2/org/hibernate/hibernate-entitymanager/5.1.0.Final/hibernate-entitymanager-5.1.0.Final.jar
2016-11-03 16:15:24,957 [Worker-10] INFO  o.e.m.c.i.e.AbstractTransferListenerAdapter - Downloaded https://repo.maven.apache.org/maven2/org/hibernate/hibernate-entitymanager/5.1.0.Final/hibernate-entitymanager-5.1.0.Final.jar
2016-11-03 16:15:25,287 [Worker-10] INFO  o.e.m.c.i.e.AbstractTransferListenerAdapter - Downloading https://repo.maven.apache.org/maven2/org/hibernate/hibernate-osgi/5.1.0.Final/hibernate-osgi-5.1.0.Final.jar
2016-11-03 16:15:25,648 [Worker-10] INFO  o.e.m.c.i.e.AbstractTransferListenerAdapter - Downloaded https://repo.maven.apache.org/maven2/org/hibernate/hibernate-osgi/5.1.0.Final/hibernate-osgi-5.1.0.Final.jar
2016-11-03 16:15:25,982 [Worker-10] INFO  o.e.m.c.i.e.AbstractTransferListenerAdapter - Downloading https://repo.maven.apache.org/maven2/org/osgi/org.osgi.core/4.3.1/org.osgi.core-4.3.1.jar
2016-11-03 16:15:26,482 [Worker-10] INFO  o.e.m.c.i.e.AbstractTransferListenerAdapter - Downloaded https://repo.maven.apache.org/maven2/org/osgi/org.osgi.core/4.3.1/org.osgi.core-4.3.1.jar
2016-11-03 16:15:26,828 [Worker-10] INFO  o.e.m.c.i.e.AbstractTransferListenerAdapter - Downloading https://repo.maven.apache.org/maven2/org/osgi/org.osgi.compendium/4.3.1/org.osgi.compendium-4.3.1.jar
2016-11-03 16:15:27,584 [Worker-10] INFO  o.e.m.c.i.e.AbstractTransferListenerAdapter - Downloaded https://repo.maven.apache.org/maven2/org/osgi/org.osgi.compendium/4.3.1/org.osgi.compendium-4.3.1.jar
2016-11-03 16:15:27,981 [Worker-10] INFO  o.e.m.c.i.e.AbstractTransferListenerAdapter - Downloading https://repo.maven.apache.org/maven2/org/hibernate/hibernate-envers/5.1.0.Final/hibernate-envers-5.1.0.Final.jar
2016-11-03 16:15:28,560 [Worker-10] INFO  o.e.m.c.i.e.AbstractTransferListenerAdapter - Downloaded https://repo.maven.apache.org/maven2/org/hibernate/hibernate-envers/5.1.0.Final/hibernate-envers-5.1.0.Final.jar
2016-11-03 16:15:28,885 [Worker-10] INFO  o.e.m.c.i.e.AbstractTransferListenerAdapter - Downloading https://repo.maven.apache.org/maven2/org/hibernate/hibernate-c3p0/5.1.0.Final/hibernate-c3p0-5.1.0.Final.jar
2016-11-03 16:15:29,197 [Worker-10] INFO  o.e.m.c.i.e.AbstractTransferListenerAdapter - Downloaded https://repo.maven.apache.org/maven2/org/hibernate/hibernate-c3p0/5.1.0.Final/hibernate-c3p0-5.1.0.Final.jar
2016-11-03 16:15:29,529 [Worker-10] INFO  o.e.m.c.i.e.AbstractTransferListenerAdapter - Downloading https://repo.maven.apache.org/maven2/com/mchange/c3p0/0.9.2.1/c3p0-0.9.2.1.jar
2016-11-03 16:15:30,115 [Worker-10] INFO  o.e.m.c.i.e.AbstractTransferListenerAdapter - Downloaded https://repo.maven.apache.org/maven2/com/mchange/c3p0/0.9.2.1/c3p0-0.9.2.1.jar
2016-11-03 16:15:30,421 [Worker-10] INFO  o.e.m.c.i.e.AbstractTransferListenerAdapter - Downloading https://repo.maven.apache.org/maven2/com/mchange/mchange-commons-java/0.2.3.4/mchange-commons-java-0.2.3.4.jar
2016-11-03 16:15:31,041 [Worker-10] INFO  o.e.m.c.i.e.AbstractTransferListenerAdapter - Downloaded https://repo.maven.apache.org/maven2/com/mchange/mchange-commons-java/0.2.3.4/mchange-commons-java-0.2.3.4.jar
2016-11-03 16:15:31,465 [Worker-10] INFO  o.e.m.c.i.e.AbstractTransferListenerAdapter - Downloading https://repo.maven.apache.org/maven2/org/hibernate/hibernate-proxool/5.1.0.Final/hibernate-proxool-5.1.0.Final.jar
2016-11-03 16:15:31,963 [Worker-10] INFO  o.e.m.c.i.e.AbstractTransferListenerAdapter - Downloaded https://repo.maven.apache.org/maven2/org/hibernate/hibernate-proxool/5.1.0.Final/hibernate-proxool-5.1.0.Final.jar
2016-11-03 16:15:32,557 [Worker-10] INFO  o.e.m.c.i.e.AbstractTransferListenerAdapter - Downloading https://repo.maven.apache.org/maven2/proxool/proxool/0.8.3/proxool-0.8.3.jar
2016-11-03 16:15:33,585 [Worker-10] INFO  o.e.m.c.i.e.AbstractTransferListenerAdapter - Downloaded https://repo.maven.apache.org/maven2/proxool/proxool/0.8.3/proxool-0.8.3.jar
2016-11-03 16:15:33,979 [Worker-10] INFO  o.e.m.c.i.e.AbstractTransferListenerAdapter - Downloading https://repo.maven.apache.org/maven2/org/hibernate/hibernate-infinispan/5.1.0.Final/hibernate-infinispan-5.1.0.Final.jar
2016-11-03 16:15:34,442 [Worker-10] INFO  o.e.m.c.i.e.AbstractTransferListenerAdapter - Downloaded https://repo.maven.apache.org/maven2/org/hibernate/hibernate-infinispan/5.1.0.Final/hibernate-infinispan-5.1.0.Final.jar
2016-11-03 16:15:34,769 [Worker-10] INFO  o.e.m.c.i.e.AbstractTransferListenerAdapter - Downloading https://repo.maven.apache.org/maven2/org/infinispan/infinispan-core/8.1.0.Final/infinispan-core-8.1.0.Final.jar
2016-11-03 16:15:36,241 [Worker-10] INFO  o.e.m.c.i.e.AbstractTransferListenerAdapter - Downloaded https://repo.maven.apache.org/maven2/org/infinispan/infinispan-core/8.1.0.Final/infinispan-core-8.1.0.Final.jar
2016-11-03 16:15:36,599 [Worker-10] INFO  o.e.m.c.i.e.AbstractTransferListenerAdapter - Downloading https://repo.maven.apache.org/maven2/org/infinispan/infinispan-commons/8.1.0.Final/infinispan-commons-8.1.0.Final.jar
2016-11-03 16:15:37,308 [Worker-10] INFO  o.e.m.c.i.e.AbstractTransferListenerAdapter - Downloaded https://repo.maven.apache.org/maven2/org/infinispan/infinispan-commons/8.1.0.Final/infinispan-commons-8.1.0.Final.jar
2016-11-03 16:15:37,613 [Worker-10] INFO  o.e.m.c.i.e.AbstractTransferListenerAdapter - Downloading https://repo.maven.apache.org/maven2/org/jgroups/jgroups/3.6.4.Final/jgroups-3.6.4.Final.jar
2016-11-03 16:15:38,682 [Worker-10] INFO  o.e.m.c.i.e.AbstractTransferListenerAdapter - Downloaded https://repo.maven.apache.org/maven2/org/jgroups/jgroups/3.6.4.Final/jgroups-3.6.4.Final.jar
2016-11-03 16:15:38,989 [Worker-10] INFO  o.e.m.c.i.e.AbstractTransferListenerAdapter - Downloading https://repo.maven.apache.org/maven2/org/jboss/spec/javax/transaction/jboss-transaction-api_1.1_spec/1.0.1.Final/jboss-transaction-api_1.1_spec-1.0.1.Final.jar
2016-11-03 16:15:39,328 [Worker-10] INFO  o.e.m.c.i.e.AbstractTransferListenerAdapter - Downloaded https://repo.maven.apache.org/maven2/org/jboss/spec/javax/transaction/jboss-transaction-api_1.1_spec/1.0.1.Final/jboss-transaction-api_1.1_spec-1.0.1.Final.jar
2016-11-03 16:15:39,633 [Worker-10] INFO  o.e.m.c.i.e.AbstractTransferListenerAdapter - Downloading https://repo.maven.apache.org/maven2/org/jboss/marshalling/jboss-marshalling-osgi/1.4.10.Final/jboss-marshalling-osgi-1.4.10.Final.jar
2016-11-03 16:15:40,121 [Worker-10] INFO  o.e.m.c.i.e.AbstractTransferListenerAdapter - Downloaded https://repo.maven.apache.org/maven2/org/jboss/marshalling/jboss-marshalling-osgi/1.4.10.Final/jboss-marshalling-osgi-1.4.10.Final.jar
2016-11-03 16:15:40,439 [Worker-10] INFO  o.e.m.c.i.e.AbstractTransferListenerAdapter - Downloading https://repo.maven.apache.org/maven2/org/hibernate/hibernate-ehcache/5.1.0.Final/hibernate-ehcache-5.1.0.Final.jar
2016-11-03 16:15:40,790 [Worker-10] INFO  o.e.m.c.i.e.AbstractTransferListenerAdapter - Downloaded https://repo.maven.apache.org/maven2/org/hibernate/hibernate-ehcache/5.1.0.Final/hibernate-ehcache-5.1.0.Final.jar
2016-11-03 16:15:41,114 [Worker-10] INFO  o.e.m.c.i.e.AbstractTransferListenerAdapter - Downloading https://repo.maven.apache.org/maven2/net/sf/ehcache/ehcache/2.10.1/ehcache-2.10.1.jar
2016-11-03 16:15:43,760 [Worker-10] INFO  o.e.m.c.i.e.AbstractTransferListenerAdapter - Downloaded https://repo.maven.apache.org/maven2/net/sf/ehcache/ehcache/2.10.1/ehcache-2.10.1.jar
2016-11-03 16:15:44,068 [Worker-10] INFO  o.e.m.c.i.e.AbstractTransferListenerAdapter - Downloading https://repo.maven.apache.org/maven2/org/slf4j/slf4j-api/1.7.7/slf4j-api-1.7.7.jar
2016-11-03 16:15:44,437 [Worker-10] INFO  o.e.m.c.i.e.AbstractTransferListenerAdapter - Downloaded https://repo.maven.apache.org/maven2/org/slf4j/slf4j-api/1.7.7/slf4j-api-1.7.7.jar
2016-11-03 16:15:48,644 [Worker-10] INFO  o.e.m.c.i.embedder.EclipseLogger - Using 'UTF-8' encoding to copy filtered resources.
2016-11-03 16:15:48,645 [Worker-10] INFO  o.e.m.c.i.embedder.EclipseLogger - skip non existing resourceDirectory D:\FreshersTraining\freshersbatch-oct16\Assignments\Hibernate\Workspace\CRUD_Operations\src\main\resources
2016-11-03 16:15:48,646 [Worker-10] INFO  o.e.m.c.i.embedder.EclipseLogger - Using 'UTF-8' encoding to copy filtered resources.
2016-11-03 16:15:48,646 [Worker-10] INFO  o.e.m.c.i.embedder.EclipseLogger - skip non existing resourceDirectory D:\FreshersTraining\freshersbatch-oct16\Assignments\Hibernate\Workspace\CRUD_Operations\src\test\resources
2016-11-03 16:15:50,925 [Worker-10] INFO  o.e.m.c.i.embedder.EclipseLogger - Using 'UTF-8' encoding to copy filtered resources.
2016-11-03 16:15:50,925 [Worker-10] INFO  o.e.m.c.i.embedder.EclipseLogger - skip non existing resourceDirectory D:\FreshersTraining\freshersbatch-oct16\Assignments\Hibernate\Workspace\CRUD_Operations\src\main\resources
2016-11-03 16:15:50,926 [Worker-10] INFO  o.e.m.c.i.embedder.EclipseLogger - Using 'UTF-8' encoding to copy filtered resources.
2016-11-03 16:15:50,926 [Worker-10] INFO  o.e.m.c.i.embedder.EclipseLogger - skip non existing resourceDirectory D:\FreshersTraining\freshersbatch-oct16\Assignments\Hibernate\Workspace\CRUD_Operations\src\test\resources
2016-11-03 16:16:54,409 [Worker-1] INFO  o.e.m.c.i.embedder.EclipseLogger - Using 'UTF-8' encoding to copy filtered resources.
2016-11-03 16:16:54,409 [Worker-1] INFO  o.e.m.c.i.embedder.EclipseLogger - skip non existing resourceDirectory D:\FreshersTraining\freshersbatch-oct16\Assignments\Hibernate\Workspace\CRUD_Operations\src\main\resources
2016-11-03 16:16:54,411 [Worker-1] INFO  o.e.m.c.i.embedder.EclipseLogger - Using 'UTF-8' encoding to copy filtered resources.
2016-11-03 16:16:54,412 [Worker-1] INFO  o.e.m.c.i.embedder.EclipseLogger - skip non existing resourceDirectory D:\FreshersTraining\freshersbatch-oct16\Assignments\Hibernate\Workspace\CRUD_Operations\src\test\resources
2016-11-03 16:17:18,488 [Worker-7] INFO  o.e.m.c.i.embedder.EclipseLogger - Using 'UTF-8' encoding to copy filtered resources.
2016-11-03 16:17:18,498 [Worker-7] INFO  o.e.m.c.i.embedder.EclipseLogger - skip non existing resourceDirectory D:\FreshersTraining\freshersbatch-oct16\Assignments\Hibernate\Workspace\CRUD_Operations\src\main\resources
2016-11-03 16:17:18,501 [Worker-7] INFO  o.e.m.c.i.embedder.EclipseLogger - Using 'UTF-8' encoding to copy filtered resources.
2016-11-03 16:17:18,501 [Worker-7] INFO  o.e.m.c.i.embedder.EclipseLogger - skip non existing resourceDirectory D:\FreshersTraining\freshersbatch-oct16\Assignments\Hibernate\Workspace\CRUD_Operations\src\test\resources
2016-11-03 16:17:56,888 [Worker-1] INFO  o.e.m.c.i.l.LifecycleMappingFactory - Using org.eclipse.m2e.jdt.JarLifecycleMapping lifecycle mapping for MavenProject: com.hibernate:HB_CRUD:0.0.1-SNAPSHOT @ D:\FreshersTraining\freshersbatch-oct16\Assignments\Hibernate\Workspace\CRUD_Operations\pom.xml.
2016-11-03 16:17:57,356 [Worker-1] INFO  o.e.m.c.i.embedder.EclipseLogger - Using 'UTF-8' encoding to copy filtered resources.
2016-11-03 16:17:57,356 [Worker-1] INFO  o.e.m.c.i.embedder.EclipseLogger - skip non existing resourceDirectory D:\FreshersTraining\freshersbatch-oct16\Assignments\Hibernate\Workspace\CRUD_Operations\src\main\resources
2016-11-03 16:17:57,358 [Worker-1] INFO  o.e.m.c.i.embedder.EclipseLogger - Using 'UTF-8' encoding to copy filtered resources.
2016-11-03 16:17:57,358 [Worker-1] INFO  o.e.m.c.i.embedder.EclipseLogger - skip non existing resourceDirectory D:\FreshersTraining\freshersbatch-oct16\Assignments\Hibernate\Workspace\CRUD_Operations\src\test\resources
2016-11-03 16:17:59,010 [Worker-1] INFO  o.e.m.c.i.embedder.EclipseLogger - Using 'UTF-8' encoding to copy filtered resources.
2016-11-03 16:17:59,010 [Worker-1] INFO  o.e.m.c.i.embedder.EclipseLogger - skip non existing resourceDirectory D:\FreshersTraining\freshersbatch-oct16\Assignments\Hibernate\Workspace\CRUD_Operations\src\main\resources
2016-11-03 16:17:59,011 [Worker-1] INFO  o.e.m.c.i.embedder.EclipseLogger - Using 'UTF-8' encoding to copy filtered resources.
2016-11-03 16:17:59,011 [Worker-1] INFO  o.e.m.c.i.embedder.EclipseLogger - skip non existing resourceDirectory D:\FreshersTraining\freshersbatch-oct16\Assignments\Hibernate\Workspace\CRUD_Operations\src\test\resources
2016-11-03 16:18:14,486 [Worker-15] INFO  o.e.m.c.i.embedder.EclipseLogger - Using 'UTF-8' encoding to copy filtered resources.
2016-11-03 16:18:14,486 [Worker-15] INFO  o.e.m.c.i.embedder.EclipseLogger - skip non existing resourceDirectory D:\FreshersTraining\freshersbatch-oct16\Assignments\Hibernate\Workspace\CRUD_Operations\src\main\resources
2016-11-03 16:18:14,487 [Worker-15] INFO  o.e.m.c.i.embedder.EclipseLogger - Using 'UTF-8' encoding to copy filtered resources.
2016-11-03 16:18:14,487 [Worker-15] INFO  o.e.m.c.i.embedder.EclipseLogger - skip non existing resourceDirectory D:\FreshersTraining\freshersbatch-oct16\Assignments\Hibernate\Workspace\CRUD_Operations\src\test\resources
2016-11-03 16:18:32,114 [Worker-6] INFO  o.e.m.c.i.embedder.EclipseLogger - Using 'UTF-8' encoding to copy filtered resources.
2016-11-03 16:18:32,114 [Worker-6] INFO  o.e.m.c.i.embedder.EclipseLogger - skip non existing resourceDirectory D:\FreshersTraining\freshersbatch-oct16\Assignments\Hibernate\Workspace\CRUD_Operations\src\main\resources
2016-11-03 16:18:32,115 [Worker-6] INFO  o.e.m.c.i.embedder.EclipseLogger - Using 'UTF-8' encoding to copy filtered resources.
2016-11-03 16:18:32,115 [Worker-6] INFO  o.e.m.c.i.embedder.EclipseLogger - skip non existing resourceDirectory D:\FreshersTraining\freshersbatch-oct16\Assignments\Hibernate\Workspace\CRUD_Operations\src\test\resources
2016-11-03 16:18:39,615 [Worker-5] INFO  o.e.m.c.i.embedder.EclipseLogger - Using 'UTF-8' encoding to copy filtered resources.
2016-11-03 16:18:39,616 [Worker-5] INFO  o.e.m.c.i.embedder.EclipseLogger - skip non existing resourceDirectory D:\FreshersTraining\freshersbatch-oct16\Assignments\Hibernate\Workspace\CRUD_Operations\src\main\resources
2016-11-03 16:18:39,618 [Worker-5] INFO  o.e.m.c.i.embedder.EclipseLogger - Using 'UTF-8' encoding to copy filtered resources.
2016-11-03 16:18:39,618 [Worker-5] INFO  o.e.m.c.i.embedder.EclipseLogger - skip non existing resourceDirectory D:\FreshersTraining\freshersbatch-oct16\Assignments\Hibernate\Workspace\CRUD_Operations\src\test\resources
2016-11-03 16:18:40,819 [Worker-5] INFO  o.e.m.c.i.embedder.EclipseLogger - Using 'UTF-8' encoding to copy filtered resources.
2016-11-03 16:18:40,820 [Worker-5] INFO  o.e.m.c.i.embedder.EclipseLogger - skip non existing resourceDirectory D:\FreshersTraining\freshersbatch-oct16\Assignments\Hibernate\Workspace\CRUD_Operations\src\main\resources
2016-11-03 16:18:40,822 [Worker-5] INFO  o.e.m.c.i.embedder.EclipseLogger - Using 'UTF-8' encoding to copy filtered resources.
2016-11-03 16:18:40,822 [Worker-5] INFO  o.e.m.c.i.embedder.EclipseLogger - skip non existing resourceDirectory D:\FreshersTraining\freshersbatch-oct16\Assignments\Hibernate\Workspace\CRUD_Operations\src\test\resources
2016-11-03 16:18:45,205 [Worker-8] INFO  o.e.m.c.i.embedder.EclipseLogger - Using 'UTF-8' encoding to copy filtered resources.
2016-11-03 16:18:45,206 [Worker-8] INFO  o.e.m.c.i.embedder.EclipseLogger - skip non existing resourceDirectory D:\FreshersTraining\freshersbatch-oct16\Assignments\Hibernate\Workspace\CRUD_Operations\src\main\resources
2016-11-03 16:18:45,206 [Worker-8] INFO  o.e.m.c.i.embedder.EclipseLogger - Using 'UTF-8' encoding to copy filtered resources.
2016-11-03 16:18:45,207 [Worker-8] INFO  o.e.m.c.i.embedder.EclipseLogger - skip non existing resourceDirectory D:\FreshersTraining\freshersbatch-oct16\Assignments\Hibernate\Workspace\CRUD_Operations\src\test\resources
2016-11-03 16:18:47,079 [Worker-5] INFO  o.e.m.c.i.embedder.EclipseLogger - Using 'UTF-8' encoding to copy filtered resources.
2016-11-03 16:18:47,079 [Worker-5] INFO  o.e.m.c.i.embedder.EclipseLogger - skip non existing resourceDirectory D:\FreshersTraining\freshersbatch-oct16\Assignments\Hibernate\Workspace\CRUD_Operations\src\main\resources
2016-11-03 16:18:47,080 [Worker-5] INFO  o.e.m.c.i.embedder.EclipseLogger - Using 'UTF-8' encoding to copy filtered resources.
2016-11-03 16:18:47,085 [Worker-5] INFO  o.e.m.c.i.embedder.EclipseLogger - skip non existing resourceDirectory D:\FreshersTraining\freshersbatch-oct16\Assignments\Hibernate\Workspace\CRUD_Operations\src\test\resources
2016-11-03 16:19:17,916 [Worker-9] INFO  o.e.m.c.i.embedder.EclipseLogger - Using 'UTF-8' encoding to copy filtered resources.
2016-11-03 16:19:17,916 [Worker-9] INFO  o.e.m.c.i.embedder.EclipseLogger - skip non existing resourceDirectory D:\FreshersTraining\freshersbatch-oct16\Assignments\Hibernate\Workspace\CRUD_Operations\src\main\resources
2016-11-03 16:19:17,917 [Worker-9] INFO  o.e.m.c.i.embedder.EclipseLogger - Using 'UTF-8' encoding to copy filtered resources.
2016-11-03 16:19:17,917 [Worker-9] INFO  o.e.m.c.i.embedder.EclipseLogger - skip non existing resourceDirectory D:\FreshersTraining\freshersbatch-oct16\Assignments\Hibernate\Workspace\CRUD_Operations\src\test\resources
2016-11-03 16:19:36,521 [Worker-12] INFO  o.e.m.c.i.embedder.EclipseLogger - Using 'UTF-8' encoding to copy filtered resources.
2016-11-03 16:19:36,521 [Worker-12] INFO  o.e.m.c.i.embedder.EclipseLogger - skip non existing resourceDirectory D:\FreshersTraining\freshersbatch-oct16\Assignments\Hibernate\Workspace\CRUD_Operations\src\main\resources
2016-11-03 16:19:36,522 [Worker-12] INFO  o.e.m.c.i.embedder.EclipseLogger - Using 'UTF-8' encoding to copy filtered resources.
2016-11-03 16:19:36,522 [Worker-12] INFO  o.e.m.c.i.embedder.EclipseLogger - skip non existing resourceDirectory D:\FreshersTraining\freshersbatch-oct16\Assignments\Hibernate\Workspace\CRUD_Operations\src\test\resources
2016-11-03 16:20:04,472 [Worker-13] INFO  o.e.m.c.i.embedder.EclipseLogger - Using 'UTF-8' encoding to copy filtered resources.
2016-11-03 16:20:04,472 [Worker-13] INFO  o.e.m.c.i.embedder.EclipseLogger - skip non existing resourceDirectory D:\FreshersTraining\freshersbatch-oct16\Assignments\Hibernate\Workspace\CRUD_Operations\src\main\resources
2016-11-03 16:20:04,474 [Worker-13] INFO  o.e.m.c.i.embedder.EclipseLogger - Using 'UTF-8' encoding to copy filtered resources.
2016-11-03 16:20:04,474 [Worker-13] INFO  o.e.m.c.i.embedder.EclipseLogger - skip non existing resourceDirectory D:\FreshersTraining\freshersbatch-oct16\Assignments\Hibernate\Workspace\CRUD_Operations\src\test\resources
2016-11-03 16:20:08,359 [Worker-15] INFO  o.e.m.c.i.embedder.EclipseLogger - Using 'UTF-8' encoding to copy filtered resources.
2016-11-03 16:20:08,359 [Worker-15] INFO  o.e.m.c.i.embedder.EclipseLogger - skip non existing resourceDirectory D:\FreshersTraining\freshersbatch-oct16\Assignments\Hibernate\Workspace\CRUD_Operations\src\main\resources
2016-11-03 16:20:08,360 [Worker-15] INFO  o.e.m.c.i.embedder.EclipseLogger - Using 'UTF-8' encoding to copy filtered resources.
2016-11-03 16:20:08,360 [Worker-15] INFO  o.e.m.c.i.embedder.EclipseLogger - skip non existing resourceDirectory D:\FreshersTraining\freshersbatch-oct16\Assignments\Hibernate\Workspace\CRUD_Operations\src\test\resources
2016-11-03 16:20:14,682 [Worker-7] INFO  o.e.m.c.i.embedder.EclipseLogger - Using 'UTF-8' encoding to copy filtered resources.
2016-11-03 16:20:14,682 [Worker-7] INFO  o.e.m.c.i.embedder.EclipseLogger - skip non existing resourceDirectory D:\FreshersTraining\freshersbatch-oct16\Assignments\Hibernate\Workspace\CRUD_Operations\src\main\resources
2016-11-03 16:20:14,683 [Worker-7] INFO  o.e.m.c.i.embedder.EclipseLogger - Using 'UTF-8' encoding to copy filtered resources.
2016-11-03 16:20:14,683 [Worker-7] INFO  o.e.m.c.i.embedder.EclipseLogger - skip non existing resourceDirectory D:\FreshersTraining\freshersbatch-oct16\Assignments\Hibernate\Workspace\CRUD_Operations\src\test\resources
2016-11-03 16:20:30,445 [Worker-12] INFO  o.e.m.c.i.embedder.EclipseLogger - Using 'UTF-8' encoding to copy filtered resources.
2016-11-03 16:20:30,445 [Worker-12] INFO  o.e.m.c.i.embedder.EclipseLogger - skip non existing resourceDirectory D:\FreshersTraining\freshersbatch-oct16\Assignments\Hibernate\Workspace\CRUD_Operations\src\main\resources
2016-11-03 16:20:30,448 [Worker-12] INFO  o.e.m.c.i.embedder.EclipseLogger - Using 'UTF-8' encoding to copy filtered resources.
2016-11-03 16:20:30,449 [Worker-12] INFO  o.e.m.c.i.embedder.EclipseLogger - skip non existing resourceDirectory D:\FreshersTraining\freshersbatch-oct16\Assignments\Hibernate\Workspace\CRUD_Operations\src\test\resources
2016-11-03 16:21:01,535 [Worker-14] INFO  o.e.m.c.i.embedder.EclipseLogger - Using 'UTF-8' encoding to copy filtered resources.
2016-11-03 16:21:01,535 [Worker-14] INFO  o.e.m.c.i.embedder.EclipseLogger - skip non existing resourceDirectory D:\FreshersTraining\freshersbatch-oct16\Assignments\Hibernate\Workspace\CRUD_Operations\src\main\resources
2016-11-03 16:21:01,536 [Worker-14] INFO  o.e.m.c.i.embedder.EclipseLogger - Using 'UTF-8' encoding to copy filtered resources.
2016-11-03 16:21:01,537 [Worker-14] INFO  o.e.m.c.i.embedder.EclipseLogger - skip non existing resourceDirectory D:\FreshersTraining\freshersbatch-oct16\Assignments\Hibernate\Workspace\CRUD_Operations\src\test\resources
2016-11-03 16:21:06,136 [Worker-4] INFO  o.e.m.c.i.embedder.EclipseLogger - Using 'UTF-8' encoding to copy filtered resources.
2016-11-03 16:21:06,137 [Worker-4] INFO  o.e.m.c.i.embedder.EclipseLogger - skip non existing resourceDirectory D:\FreshersTraining\freshersbatch-oct16\Assignments\Hibernate\Workspace\CRUD_Operations\src\main\resources
2016-11-03 16:21:06,141 [Worker-4] INFO  o.e.m.c.i.embedder.EclipseLogger - Using 'UTF-8' encoding to copy filtered resources.
2016-11-03 16:21:06,141 [Worker-4] INFO  o.e.m.c.i.embedder.EclipseLogger - skip non existing resourceDirectory D:\FreshersTraining\freshersbatch-oct16\Assignments\Hibernate\Workspace\CRUD_Operations\src\test\resources
2016-11-03 16:21:24,152 [Worker-10] INFO  o.e.m.c.i.embedder.EclipseLogger - Using 'UTF-8' encoding to copy filtered resources.
2016-11-03 16:21:24,152 [Worker-10] INFO  o.e.m.c.i.embedder.EclipseLogger - skip non existing resourceDirectory D:\FreshersTraining\freshersbatch-oct16\Assignments\Hibernate\Workspace\CRUD_Operations\src\main\resources
2016-11-03 16:21:24,159 [Worker-10] INFO  o.e.m.c.i.embedder.EclipseLogger - Using 'UTF-8' encoding to copy filtered resources.
2016-11-03 16:21:24,161 [Worker-10] INFO  o.e.m.c.i.embedder.EclipseLogger - skip non existing resourceDirectory D:\FreshersTraining\freshersbatch-oct16\Assignments\Hibernate\Workspace\CRUD_Operations\src\test\resources
2016-11-03 16:21:37,457 [Worker-15] INFO  o.e.m.c.i.embedder.EclipseLogger - Using 'UTF-8' encoding to copy filtered resources.
2016-11-03 16:21:37,457 [Worker-15] INFO  o.e.m.c.i.embedder.EclipseLogger - skip non existing resourceDirectory D:\FreshersTraining\freshersbatch-oct16\Assignments\Hibernate\Workspace\CRUD_Operations\src\main\resources
2016-11-03 16:21:37,458 [Worker-15] INFO  o.e.m.c.i.embedder.EclipseLogger - Using 'UTF-8' encoding to copy filtered resources.
2016-11-03 16:21:37,458 [Worker-15] INFO  o.e.m.c.i.embedder.EclipseLogger - skip non existing resourceDirectory D:\FreshersTraining\freshersbatch-oct16\Assignments\Hibernate\Workspace\CRUD_Operations\src\test\resources
2016-11-03 16:21:41,959 [Worker-7] INFO  o.e.m.c.i.embedder.EclipseLogger - Using 'UTF-8' encoding to copy filtered resources.
2016-11-03 16:21:41,959 [Worker-7] INFO  o.e.m.c.i.embedder.EclipseLogger - skip non existing resourceDirectory D:\FreshersTraining\freshersbatch-oct16\Assignments\Hibernate\Workspace\CRUD_Operations\src\main\resources
2016-11-03 16:21:41,968 [Worker-7] INFO  o.e.m.c.i.embedder.EclipseLogger - Using 'UTF-8' encoding to copy filtered resources.
2016-11-03 16:21:41,968 [Worker-7] INFO  o.e.m.c.i.embedder.EclipseLogger - skip non existing resourceDirectory D:\FreshersTraining\freshersbatch-oct16\Assignments\Hibernate\Workspace\CRUD_Operations\src\test\resources
2016-11-03 16:21:45,220 [Worker-8] INFO  o.e.m.c.i.embedder.EclipseLogger - Using 'UTF-8' encoding to copy filtered resources.
2016-11-03 16:21:45,220 [Worker-8] INFO  o.e.m.c.i.embedder.EclipseLogger - skip non existing resourceDirectory D:\FreshersTraining\freshersbatch-oct16\Assignments\Hibernate\Workspace\CRUD_Operations\src\main\resources
2016-11-03 16:21:45,221 [Worker-8] INFO  o.e.m.c.i.embedder.EclipseLogger - Using 'UTF-8' encoding to copy filtered resources.
2016-11-03 16:21:45,221 [Worker-8] INFO  o.e.m.c.i.embedder.EclipseLogger - skip non existing resourceDirectory D:\FreshersTraining\freshersbatch-oct16\Assignments\Hibernate\Workspace\CRUD_Operations\src\test\resources
2016-11-03 16:21:47,165 [Worker-8] INFO  o.e.m.c.i.embedder.EclipseLogger - Using 'UTF-8' encoding to copy filtered resources.
2016-11-03 16:21:47,166 [Worker-8] INFO  o.e.m.c.i.embedder.EclipseLogger - skip non existing resourceDirectory D:\FreshersTraining\freshersbatch-oct16\Assignments\Hibernate\Workspace\CRUD_Operations\src\main\resources
2016-11-03 16:21:47,167 [Worker-8] INFO  o.e.m.c.i.embedder.EclipseLogger - Using 'UTF-8' encoding to copy filtered resources.
2016-11-03 16:21:47,167 [Worker-8] INFO  o.e.m.c.i.embedder.EclipseLogger - skip non existing resourceDirectory D:\FreshersTraining\freshersbatch-oct16\Assignments\Hibernate\Workspace\CRUD_Operations\src\test\resources
2016-11-03 16:21:59,063 [Worker-9] INFO  o.e.m.c.i.embedder.EclipseLogger - Using 'UTF-8' encoding to copy filtered resources.
2016-11-03 16:21:59,063 [Worker-9] INFO  o.e.m.c.i.embedder.EclipseLogger - skip non existing resourceDirectory D:\FreshersTraining\freshersbatch-oct16\Assignments\Hibernate\Workspace\CRUD_Operations\src\main\resources
2016-11-03 16:21:59,066 [Worker-9] INFO  o.e.m.c.i.embedder.EclipseLogger - Using 'UTF-8' encoding to copy filtered resources.
2016-11-03 16:21:59,067 [Worker-9] INFO  o.e.m.c.i.embedder.EclipseLogger - skip non existing resourceDirectory D:\FreshersTraining\freshersbatch-oct16\Assignments\Hibernate\Workspace\CRUD_Operations\src\test\resources
2016-11-03 16:23:21,538 [Worker-7] INFO  o.e.m.c.i.embedder.EclipseLogger - Using 'UTF-8' encoding to copy filtered resources.
2016-11-03 16:23:21,539 [Worker-7] INFO  o.e.m.c.i.embedder.EclipseLogger - skip non existing resourceDirectory D:\FreshersTraining\freshersbatch-oct16\Assignments\Hibernate\Workspace\CRUD_Operations\src\main\resources
2016-11-03 16:23:21,539 [Worker-7] INFO  o.e.m.c.i.embedder.EclipseLogger - Using 'UTF-8' encoding to copy filtered resources.
2016-11-03 16:23:21,540 [Worker-7] INFO  o.e.m.c.i.embedder.EclipseLogger - skip non existing resourceDirectory D:\FreshersTraining\freshersbatch-oct16\Assignments\Hibernate\Workspace\CRUD_Operations\src\test\resources
2016-11-03 16:24:03,884 [Worker-7] INFO  o.e.m.c.i.embedder.EclipseLogger - Using 'UTF-8' encoding to copy filtered resources.
2016-11-03 16:24:03,884 [Worker-7] INFO  o.e.m.c.i.embedder.EclipseLogger - skip non existing resourceDirectory D:\FreshersTraining\freshersbatch-oct16\Assignments\Hibernate\Workspace\CRUD_Operations\src\main\resources
2016-11-03 16:24:03,886 [Worker-7] INFO  o.e.m.c.i.embedder.EclipseLogger - Using 'UTF-8' encoding to copy filtered resources.
2016-11-03 16:24:03,886 [Worker-7] INFO  o.e.m.c.i.embedder.EclipseLogger - skip non existing resourceDirectory D:\FreshersTraining\freshersbatch-oct16\Assignments\Hibernate\Workspace\CRUD_Operations\src\test\resources
2016-11-03 16:24:28,002 [Worker-4] INFO  o.e.m.c.i.embedder.EclipseLogger - Using 'UTF-8' encoding to copy filtered resources.
2016-11-03 16:24:28,002 [Worker-4] INFO  o.e.m.c.i.embedder.EclipseLogger - skip non existing resourceDirectory D:\FreshersTraining\freshersbatch-oct16\Assignments\Hibernate\Workspace\CRUD_Operations\src\main\resources
2016-11-03 16:24:28,003 [Worker-4] INFO  o.e.m.c.i.embedder.EclipseLogger - Using 'UTF-8' encoding to copy filtered resources.
2016-11-03 16:24:28,003 [Worker-4] INFO  o.e.m.c.i.embedder.EclipseLogger - skip non existing resourceDirectory D:\FreshersTraining\freshersbatch-oct16\Assignments\Hibernate\Workspace\CRUD_Operations\src\test\resources
2016-11-03 16:26:31,957 [Worker-10] INFO  o.e.m.c.i.embedder.EclipseLogger - Using 'UTF-8' encoding to copy filtered resources.
2016-11-03 16:26:31,957 [Worker-10] INFO  o.e.m.c.i.embedder.EclipseLogger - skip non existing resourceDirectory D:\FreshersTraining\freshersbatch-oct16\Assignments\Hibernate\Workspace\CRUD_Operations\src\main\resources
2016-11-03 16:26:31,958 [Worker-10] INFO  o.e.m.c.i.embedder.EclipseLogger - Using 'UTF-8' encoding to copy filtered resources.
2016-11-03 16:26:31,958 [Worker-10] INFO  o.e.m.c.i.embedder.EclipseLogger - skip non existing resourceDirectory D:\FreshersTraining\freshersbatch-oct16\Assignments\Hibernate\Workspace\CRUD_Operations\src\test\resources
2016-11-03 16:26:49,665 [Worker-13] INFO  o.e.m.c.i.embedder.EclipseLogger - Using 'UTF-8' encoding to copy filtered resources.
2016-11-03 16:26:49,665 [Worker-13] INFO  o.e.m.c.i.embedder.EclipseLogger - skip non existing resourceDirectory D:\FreshersTraining\freshersbatch-oct16\Assignments\Hibernate\Workspace\CRUD_Operations\src\main\resources
2016-11-03 16:26:49,666 [Worker-13] INFO  o.e.m.c.i.embedder.EclipseLogger - Using 'UTF-8' encoding to copy filtered resources.
2016-11-03 16:26:49,666 [Worker-13] INFO  o.e.m.c.i.embedder.EclipseLogger - skip non existing resourceDirectory D:\FreshersTraining\freshersbatch-oct16\Assignments\Hibernate\Workspace\CRUD_Operations\src\test\resources
2016-11-03 16:26:52,567 [Worker-15] INFO  o.e.m.c.i.embedder.EclipseLogger - Using 'UTF-8' encoding to copy filtered resources.
2016-11-03 16:26:52,567 [Worker-15] INFO  o.e.m.c.i.embedder.EclipseLogger - skip non existing resourceDirectory D:\FreshersTraining\freshersbatch-oct16\Assignments\Hibernate\Workspace\CRUD_Operations\src\main\resources
2016-11-03 16:26:52,570 [Worker-15] INFO  o.e.m.c.i.embedder.EclipseLogger - Using 'UTF-8' encoding to copy filtered resources.
2016-11-03 16:26:52,570 [Worker-15] INFO  o.e.m.c.i.embedder.EclipseLogger - skip non existing resourceDirectory D:\FreshersTraining\freshersbatch-oct16\Assignments\Hibernate\Workspace\CRUD_Operations\src\test\resources
2016-11-03 16:28:51,372 [Worker-18] INFO  o.e.m.c.i.embedder.EclipseLogger - Using 'UTF-8' encoding to copy filtered resources.
2016-11-03 16:28:51,373 [Worker-18] INFO  o.e.m.c.i.embedder.EclipseLogger - skip non existing resourceDirectory D:\FreshersTraining\freshersbatch-oct16\Assignments\Hibernate\Workspace\CRUD_Operations\src\main\resources
2016-11-03 16:28:51,374 [Worker-18] INFO  o.e.m.c.i.embedder.EclipseLogger - Using 'UTF-8' encoding to copy filtered resources.
2016-11-03 16:28:51,374 [Worker-18] INFO  o.e.m.c.i.embedder.EclipseLogger - skip non existing resourceDirectory D:\FreshersTraining\freshersbatch-oct16\Assignments\Hibernate\Workspace\CRUD_Operations\src\test\resources
2016-11-03 16:29:24,359 [Worker-15] INFO  o.e.m.c.i.embedder.EclipseLogger - Using 'UTF-8' encoding to copy filtered resources.
2016-11-03 16:29:24,359 [Worker-15] INFO  o.e.m.c.i.embedder.EclipseLogger - skip non existing resourceDirectory D:\FreshersTraining\freshersbatch-oct16\Assignments\Hibernate\Workspace\CRUD_Operations\src\main\resources
2016-11-03 16:29:24,360 [Worker-15] INFO  o.e.m.c.i.embedder.EclipseLogger - Using 'UTF-8' encoding to copy filtered resources.
2016-11-03 16:29:24,361 [Worker-15] INFO  o.e.m.c.i.embedder.EclipseLogger - skip non existing resourceDirectory D:\FreshersTraining\freshersbatch-oct16\Assignments\Hibernate\Workspace\CRUD_Operations\src\test\resources
2016-11-03 16:29:41,522 [Worker-15] INFO  o.e.m.c.i.embedder.EclipseLogger - Using 'UTF-8' encoding to copy filtered resources.
2016-11-03 16:29:41,523 [Worker-15] INFO  o.e.m.c.i.embedder.EclipseLogger - skip non existing resourceDirectory D:\FreshersTraining\freshersbatch-oct16\Assignments\Hibernate\Workspace\CRUD_Operations\src\main\resources
2016-11-03 16:29:41,523 [Worker-15] INFO  o.e.m.c.i.embedder.EclipseLogger - Using 'UTF-8' encoding to copy filtered resources.
2016-11-03 16:29:41,523 [Worker-15] INFO  o.e.m.c.i.embedder.EclipseLogger - skip non existing resourceDirectory D:\FreshersTraining\freshersbatch-oct16\Assignments\Hibernate\Workspace\CRUD_Operations\src\test\resources
2016-11-03 16:29:49,954 [Worker-13] INFO  o.e.m.c.i.embedder.EclipseLogger - Using 'UTF-8' encoding to copy filtered resources.
2016-11-03 16:29:49,954 [Worker-13] INFO  o.e.m.c.i.embedder.EclipseLogger - skip non existing resourceDirectory D:\FreshersTraining\freshersbatch-oct16\Assignments\Hibernate\Workspace\CRUD_Operations\src\main\resources
2016-11-03 16:29:49,974 [Worker-13] INFO  o.e.m.c.i.embedder.EclipseLogger - Using 'UTF-8' encoding to copy filtered resources.
2016-11-03 16:29:49,979 [Worker-13] INFO  o.e.m.c.i.embedder.EclipseLogger - skip non existing resourceDirectory D:\FreshersTraining\freshersbatch-oct16\Assignments\Hibernate\Workspace\CRUD_Operations\src\test\resources
2016-11-03 16:30:58,485 [Worker-4] INFO  o.e.m.c.i.embedder.EclipseLogger - Using 'UTF-8' encoding to copy filtered resources.
2016-11-03 16:30:58,485 [Worker-4] INFO  o.e.m.c.i.embedder.EclipseLogger - skip non existing resourceDirectory D:\FreshersTraining\freshersbatch-oct16\Assignments\Hibernate\Workspace\CRUD_Operations\src\main\resources
2016-11-03 16:30:58,487 [Worker-4] INFO  o.e.m.c.i.embedder.EclipseLogger - Using 'UTF-8' encoding to copy filtered resources.
2016-11-03 16:30:58,487 [Worker-4] INFO  o.e.m.c.i.embedder.EclipseLogger - skip non existing resourceDirectory D:\FreshersTraining\freshersbatch-oct16\Assignments\Hibernate\Workspace\CRUD_Operations\src\test\resources
2016-11-03 16:31:26,799 [Worker-10] INFO  o.e.m.c.i.embedder.EclipseLogger - Using 'UTF-8' encoding to copy filtered resources.
2016-11-03 16:31:26,799 [Worker-10] INFO  o.e.m.c.i.embedder.EclipseLogger - skip non existing resourceDirectory D:\FreshersTraining\freshersbatch-oct16\Assignments\Hibernate\Workspace\CRUD_Operations\src\main\resources
2016-11-03 16:31:26,800 [Worker-10] INFO  o.e.m.c.i.embedder.EclipseLogger - Using 'UTF-8' encoding to copy filtered resources.
2016-11-03 16:31:26,800 [Worker-10] INFO  o.e.m.c.i.embedder.EclipseLogger - skip non existing resourceDirectory D:\FreshersTraining\freshersbatch-oct16\Assignments\Hibernate\Workspace\CRUD_Operations\src\test\resources
2016-11-03 16:31:28,258 [Worker-5] INFO  o.e.m.c.i.embedder.EclipseLogger - Using 'UTF-8' encoding to copy filtered resources.
2016-11-03 16:31:28,258 [Worker-5] INFO  o.e.m.c.i.embedder.EclipseLogger - skip non existing resourceDirectory D:\FreshersTraining\freshersbatch-oct16\Assignments\Hibernate\Workspace\CRUD_Operations\src\main\resources
2016-11-03 16:31:28,259 [Worker-5] INFO  o.e.m.c.i.embedder.EclipseLogger - Using 'UTF-8' encoding to copy filtered resources.
2016-11-03 16:31:28,259 [Worker-5] INFO  o.e.m.c.i.embedder.EclipseLogger - skip non existing resourceDirectory D:\FreshersTraining\freshersbatch-oct16\Assignments\Hibernate\Workspace\CRUD_Operations\src\test\resources
2016-11-03 16:32:20,189 [Worker-18] INFO  o.e.m.c.i.embedder.EclipseLogger - Using 'UTF-8' encoding to copy filtered resources.
2016-11-03 16:32:20,189 [Worker-18] INFO  o.e.m.c.i.embedder.EclipseLogger - skip non existing resourceDirectory D:\FreshersTraining\freshersbatch-oct16\Assignments\Hibernate\Workspace\CRUD_Operations\src\main\resources
2016-11-03 16:32:20,190 [Worker-18] INFO  o.e.m.c.i.embedder.EclipseLogger - Using 'UTF-8' encoding to copy filtered resources.
2016-11-03 16:32:20,190 [Worker-18] INFO  o.e.m.c.i.embedder.EclipseLogger - skip non existing resourceDirectory D:\FreshersTraining\freshersbatch-oct16\Assignments\Hibernate\Workspace\CRUD_Operations\src\test\resources
2016-11-03 16:32:29,886 [Worker-12] INFO  o.e.m.c.i.embedder.EclipseLogger - Using 'UTF-8' encoding to copy filtered resources.
2016-11-03 16:32:29,886 [Worker-12] INFO  o.e.m.c.i.embedder.EclipseLogger - skip non existing resourceDirectory D:\FreshersTraining\freshersbatch-oct16\Assignments\Hibernate\Workspace\CRUD_Operations\src\main\resources
2016-11-03 16:32:29,887 [Worker-12] INFO  o.e.m.c.i.embedder.EclipseLogger - Using 'UTF-8' encoding to copy filtered resources.
2016-11-03 16:32:29,887 [Worker-12] INFO  o.e.m.c.i.embedder.EclipseLogger - skip non existing resourceDirectory D:\FreshersTraining\freshersbatch-oct16\Assignments\Hibernate\Workspace\CRUD_Operations\src\test\resources
2016-11-03 16:33:38,226 [Worker-9] INFO  o.e.m.c.i.embedder.EclipseLogger - Using 'UTF-8' encoding to copy filtered resources.
2016-11-03 16:33:38,226 [Worker-9] INFO  o.e.m.c.i.embedder.EclipseLogger - skip non existing resourceDirectory D:\FreshersTraining\freshersbatch-oct16\Assignments\Hibernate\Workspace\CRUD_Operations\src\main\resources
2016-11-03 16:33:38,227 [Worker-9] INFO  o.e.m.c.i.embedder.EclipseLogger - Using 'UTF-8' encoding to copy filtered resources.
2016-11-03 16:33:38,227 [Worker-9] INFO  o.e.m.c.i.embedder.EclipseLogger - skip non existing resourceDirectory D:\FreshersTraining\freshersbatch-oct16\Assignments\Hibernate\Workspace\CRUD_Operations\src\test\resources
2016-11-03 16:33:41,726 [Worker-15] INFO  o.e.m.c.i.embedder.EclipseLogger - Using 'UTF-8' encoding to copy filtered resources.
2016-11-03 16:33:41,727 [Worker-15] INFO  o.e.m.c.i.embedder.EclipseLogger - skip non existing resourceDirectory D:\FreshersTraining\freshersbatch-oct16\Assignments\Hibernate\Workspace\CRUD_Operations\src\main\resources
2016-11-03 16:33:41,728 [Worker-15] INFO  o.e.m.c.i.embedder.EclipseLogger - Using 'UTF-8' encoding to copy filtered resources.
2016-11-03 16:33:41,728 [Worker-15] INFO  o.e.m.c.i.embedder.EclipseLogger - skip non existing resourceDirectory D:\FreshersTraining\freshersbatch-oct16\Assignments\Hibernate\Workspace\CRUD_Operations\src\test\resources
2016-11-03 16:35:01,898 [Worker-18] INFO  o.e.m.c.i.embedder.EclipseLogger - Using 'UTF-8' encoding to copy filtered resources.
2016-11-03 16:35:01,899 [Worker-18] INFO  o.e.m.c.i.embedder.EclipseLogger - skip non existing resourceDirectory D:\FreshersTraining\freshersbatch-oct16\Assignments\Hibernate\Workspace\CRUD_Operations\src\main\resources
2016-11-03 16:35:01,899 [Worker-18] INFO  o.e.m.c.i.embedder.EclipseLogger - Using 'UTF-8' encoding to copy filtered resources.
2016-11-03 16:35:01,899 [Worker-18] INFO  o.e.m.c.i.embedder.EclipseLogger - skip non existing resourceDirectory D:\FreshersTraining\freshersbatch-oct16\Assignments\Hibernate\Workspace\CRUD_Operations\src\test\resources
2016-11-03 16:35:10,767 [Worker-4] INFO  o.e.m.c.i.embedder.EclipseLogger - Using 'UTF-8' encoding to copy filtered resources.
2016-11-03 16:35:10,768 [Worker-4] INFO  o.e.m.c.i.embedder.EclipseLogger - skip non existing resourceDirectory D:\FreshersTraining\freshersbatch-oct16\Assignments\Hibernate\Workspace\CRUD_Operations\src\main\resources
2016-11-03 16:35:10,768 [Worker-4] INFO  o.e.m.c.i.embedder.EclipseLogger - Using 'UTF-8' encoding to copy filtered resources.
2016-11-03 16:35:10,769 [Worker-4] INFO  o.e.m.c.i.embedder.EclipseLogger - skip non existing resourceDirectory D:\FreshersTraining\freshersbatch-oct16\Assignments\Hibernate\Workspace\CRUD_Operations\src\test\resources
2016-11-03 16:35:15,919 [Worker-15] INFO  o.e.m.c.i.embedder.EclipseLogger - Using 'UTF-8' encoding to copy filtered resources.
2016-11-03 16:35:15,919 [Worker-15] INFO  o.e.m.c.i.embedder.EclipseLogger - skip non existing resourceDirectory D:\FreshersTraining\freshersbatch-oct16\Assignments\Hibernate\Workspace\CRUD_Operations\src\main\resources
2016-11-03 16:35:15,920 [Worker-15] INFO  o.e.m.c.i.embedder.EclipseLogger - Using 'UTF-8' encoding to copy filtered resources.
2016-11-03 16:35:15,920 [Worker-15] INFO  o.e.m.c.i.embedder.EclipseLogger - skip non existing resourceDirectory D:\FreshersTraining\freshersbatch-oct16\Assignments\Hibernate\Workspace\CRUD_Operations\src\test\resources
2016-11-03 16:35:34,887 [Worker-7] INFO  o.e.m.c.i.embedder.EclipseLogger - Using 'UTF-8' encoding to copy filtered resources.
2016-11-03 16:35:34,887 [Worker-7] INFO  o.e.m.c.i.embedder.EclipseLogger - skip non existing resourceDirectory D:\FreshersTraining\freshersbatch-oct16\Assignments\Hibernate\Workspace\CRUD_Operations\src\main\resources
2016-11-03 16:35:34,888 [Worker-7] INFO  o.e.m.c.i.embedder.EclipseLogger - Using 'UTF-8' encoding to copy filtered resources.
2016-11-03 16:35:34,888 [Worker-7] INFO  o.e.m.c.i.embedder.EclipseLogger - skip non existing resourceDirectory D:\FreshersTraining\freshersbatch-oct16\Assignments\Hibernate\Workspace\CRUD_Operations\src\test\resources
2016-11-03 16:35:37,279 [Worker-12] INFO  o.e.m.c.i.embedder.EclipseLogger - Using 'UTF-8' encoding to copy filtered resources.
2016-11-03 16:35:37,279 [Worker-12] INFO  o.e.m.c.i.embedder.EclipseLogger - skip non existing resourceDirectory D:\FreshersTraining\freshersbatch-oct16\Assignments\Hibernate\Workspace\CRUD_Operations\src\main\resources
2016-11-03 16:35:37,280 [Worker-12] INFO  o.e.m.c.i.embedder.EclipseLogger - Using 'UTF-8' encoding to copy filtered resources.
2016-11-03 16:35:37,280 [Worker-12] INFO  o.e.m.c.i.embedder.EclipseLogger - skip non existing resourceDirectory D:\FreshersTraining\freshersbatch-oct16\Assignments\Hibernate\Workspace\CRUD_Operations\src\test\resources
2016-11-03 16:35:49,076 [Worker-7] INFO  o.e.m.c.i.embedder.EclipseLogger - Using 'UTF-8' encoding to copy filtered resources.
2016-11-03 16:35:49,077 [Worker-7] INFO  o.e.m.c.i.embedder.EclipseLogger - skip non existing resourceDirectory D:\FreshersTraining\freshersbatch-oct16\Assignments\Hibernate\Workspace\CRUD_Operations\src\main\resources
2016-11-03 16:35:49,077 [Worker-7] INFO  o.e.m.c.i.embedder.EclipseLogger - Using 'UTF-8' encoding to copy filtered resources.
2016-11-03 16:35:49,077 [Worker-7] INFO  o.e.m.c.i.embedder.EclipseLogger - skip non existing resourceDirectory D:\FreshersTraining\freshersbatch-oct16\Assignments\Hibernate\Workspace\CRUD_Operations\src\test\resources
2016-11-03 16:35:58,391 [Worker-12] INFO  o.e.m.c.i.embedder.EclipseLogger - Using 'UTF-8' encoding to copy filtered resources.
2016-11-03 16:35:58,391 [Worker-12] INFO  o.e.m.c.i.embedder.EclipseLogger - skip non existing resourceDirectory D:\FreshersTraining\freshersbatch-oct16\Assignments\Hibernate\Workspace\CRUD_Operations\src\main\resources
2016-11-03 16:35:58,392 [Worker-12] INFO  o.e.m.c.i.embedder.EclipseLogger - Using 'UTF-8' encoding to copy filtered resources.
2016-11-03 16:35:58,392 [Worker-12] INFO  o.e.m.c.i.embedder.EclipseLogger - skip non existing resourceDirectory D:\FreshersTraining\freshersbatch-oct16\Assignments\Hibernate\Workspace\CRUD_Operations\src\test\resources
2016-11-03 16:36:07,227 [Worker-10] INFO  o.e.m.c.i.embedder.EclipseLogger - Using 'UTF-8' encoding to copy filtered resources.
2016-11-03 16:36:07,228 [Worker-10] INFO  o.e.m.c.i.embedder.EclipseLogger - skip non existing resourceDirectory D:\FreshersTraining\freshersbatch-oct16\Assignments\Hibernate\Workspace\CRUD_Operations\src\main\resources
2016-11-03 16:36:07,228 [Worker-10] INFO  o.e.m.c.i.embedder.EclipseLogger - Using 'UTF-8' encoding to copy filtered resources.
2016-11-03 16:36:07,229 [Worker-10] INFO  o.e.m.c.i.embedder.EclipseLogger - skip non existing resourceDirectory D:\FreshersTraining\freshersbatch-oct16\Assignments\Hibernate\Workspace\CRUD_Operations\src\test\resources
2016-11-03 16:36:17,129 [Worker-6] INFO  o.e.m.c.i.embedder.EclipseLogger - Using 'UTF-8' encoding to copy filtered resources.
2016-11-03 16:36:17,129 [Worker-6] INFO  o.e.m.c.i.embedder.EclipseLogger - skip non existing resourceDirectory D:\FreshersTraining\freshersbatch-oct16\Assignments\Hibernate\Workspace\CRUD_Operations\src\main\resources
2016-11-03 16:36:17,131 [Worker-6] INFO  o.e.m.c.i.embedder.EclipseLogger - Using 'UTF-8' encoding to copy filtered resources.
2016-11-03 16:36:17,131 [Worker-6] INFO  o.e.m.c.i.embedder.EclipseLogger - skip non existing resourceDirectory D:\FreshersTraining\freshersbatch-oct16\Assignments\Hibernate\Workspace\CRUD_Operations\src\test\resources
2016-11-03 16:36:56,325 [Worker-6] INFO  o.e.m.c.i.embedder.EclipseLogger - Using 'UTF-8' encoding to copy filtered resources.
2016-11-03 16:36:56,326 [Worker-6] INFO  o.e.m.c.i.embedder.EclipseLogger - skip non existing resourceDirectory D:\FreshersTraining\freshersbatch-oct16\Assignments\Hibernate\Workspace\CRUD_Operations\src\main\resources
2016-11-03 16:36:56,326 [Worker-6] INFO  o.e.m.c.i.embedder.EclipseLogger - Using 'UTF-8' encoding to copy filtered resources.
2016-11-03 16:36:56,327 [Worker-6] INFO  o.e.m.c.i.embedder.EclipseLogger - skip non existing resourceDirectory D:\FreshersTraining\freshersbatch-oct16\Assignments\Hibernate\Workspace\CRUD_Operations\src\test\resources
2016-11-03 16:37:00,299 [Worker-8] INFO  o.e.m.c.i.embedder.EclipseLogger - Using 'UTF-8' encoding to copy filtered resources.
2016-11-03 16:37:00,299 [Worker-8] INFO  o.e.m.c.i.embedder.EclipseLogger - skip non existing resourceDirectory D:\FreshersTraining\freshersbatch-oct16\Assignments\Hibernate\Workspace\CRUD_Operations\src\main\resources
2016-11-03 16:37:00,300 [Worker-8] INFO  o.e.m.c.i.embedder.EclipseLogger - Using 'UTF-8' encoding to copy filtered resources.
2016-11-03 16:37:00,301 [Worker-8] INFO  o.e.m.c.i.embedder.EclipseLogger - skip non existing resourceDirectory D:\FreshersTraining\freshersbatch-oct16\Assignments\Hibernate\Workspace\CRUD_Operations\src\test\resources
2016-11-03 16:37:05,115 [Worker-6] INFO  o.e.m.c.i.embedder.EclipseLogger - Using 'UTF-8' encoding to copy filtered resources.
2016-11-03 16:37:05,116 [Worker-6] INFO  o.e.m.c.i.embedder.EclipseLogger - skip non existing resourceDirectory D:\FreshersTraining\freshersbatch-oct16\Assignments\Hibernate\Workspace\CRUD_Operations\src\main\resources
2016-11-03 16:37:05,116 [Worker-6] INFO  o.e.m.c.i.embedder.EclipseLogger - Using 'UTF-8' encoding to copy filtered resources.
2016-11-03 16:37:05,116 [Worker-6] INFO  o.e.m.c.i.embedder.EclipseLogger - skip non existing resourceDirectory D:\FreshersTraining\freshersbatch-oct16\Assignments\Hibernate\Workspace\CRUD_Operations\src\test\resources
2016-11-03 16:38:52,917 [Worker-7] INFO  o.e.m.c.i.embedder.EclipseLogger - Using 'UTF-8' encoding to copy filtered resources.
2016-11-03 16:38:52,917 [Worker-7] INFO  o.e.m.c.i.embedder.EclipseLogger - skip non existing resourceDirectory D:\FreshersTraining\freshersbatch-oct16\Assignments\Hibernate\Workspace\CRUD_Operations\src\main\resources
2016-11-03 16:38:52,917 [Worker-7] INFO  o.e.m.c.i.embedder.EclipseLogger - Using 'UTF-8' encoding to copy filtered resources.
2016-11-03 16:38:52,917 [Worker-7] INFO  o.e.m.c.i.embedder.EclipseLogger - skip non existing resourceDirectory D:\FreshersTraining\freshersbatch-oct16\Assignments\Hibernate\Workspace\CRUD_Operations\src\test\resources
2016-11-03 16:39:15,880 [Worker-9] INFO  o.e.m.c.i.embedder.EclipseLogger - Using 'UTF-8' encoding to copy filtered resources.
2016-11-03 16:39:15,881 [Worker-9] INFO  o.e.m.c.i.embedder.EclipseLogger - skip non existing resourceDirectory D:\FreshersTraining\freshersbatch-oct16\Assignments\Hibernate\Workspace\CRUD_Operations\src\main\resources
2016-11-03 16:39:15,881 [Worker-9] INFO  o.e.m.c.i.embedder.EclipseLogger - Using 'UTF-8' encoding to copy filtered resources.
2016-11-03 16:39:15,881 [Worker-9] INFO  o.e.m.c.i.embedder.EclipseLogger - skip non existing resourceDirectory D:\FreshersTraining\freshersbatch-oct16\Assignments\Hibernate\Workspace\CRUD_Operations\src\test\resources
2016-11-03 16:39:45,099 [Worker-9] INFO  o.e.m.c.i.embedder.EclipseLogger - Using 'UTF-8' encoding to copy filtered resources.
2016-11-03 16:39:45,099 [Worker-9] INFO  o.e.m.c.i.embedder.EclipseLogger - skip non existing resourceDirectory D:\FreshersTraining\freshersbatch-oct16\Assignments\Hibernate\Workspace\CRUD_Operations\src\main\resources
2016-11-03 16:39:45,100 [Worker-9] INFO  o.e.m.c.i.embedder.EclipseLogger - Using 'UTF-8' encoding to copy filtered resources.
2016-11-03 16:39:45,100 [Worker-9] INFO  o.e.m.c.i.embedder.EclipseLogger - skip non existing resourceDirectory D:\FreshersTraining\freshersbatch-oct16\Assignments\Hibernate\Workspace\CRUD_Operations\src\test\resources
2016-11-03 16:39:59,973 [Worker-18] INFO  o.e.m.c.i.embedder.EclipseLogger - Using 'UTF-8' encoding to copy filtered resources.
2016-11-03 16:39:59,973 [Worker-18] INFO  o.e.m.c.i.embedder.EclipseLogger - skip non existing resourceDirectory D:\FreshersTraining\freshersbatch-oct16\Assignments\Hibernate\Workspace\CRUD_Operations\src\main\resources
2016-11-03 16:39:59,974 [Worker-18] INFO  o.e.m.c.i.embedder.EclipseLogger - Using 'UTF-8' encoding to copy filtered resources.
2016-11-03 16:39:59,974 [Worker-18] INFO  o.e.m.c.i.embedder.EclipseLogger - skip non existing resourceDirectory D:\FreshersTraining\freshersbatch-oct16\Assignments\Hibernate\Workspace\CRUD_Operations\src\test\resources
2016-11-03 16:40:11,513 [Worker-13] INFO  o.e.m.c.i.embedder.EclipseLogger - Using 'UTF-8' encoding to copy filtered resources.
2016-11-03 16:40:11,513 [Worker-13] INFO  o.e.m.c.i.embedder.EclipseLogger - skip non existing resourceDirectory D:\FreshersTraining\freshersbatch-oct16\Assignments\Hibernate\Workspace\CRUD_Operations\src\main\resources
2016-11-03 16:40:11,514 [Worker-13] INFO  o.e.m.c.i.embedder.EclipseLogger - Using 'UTF-8' encoding to copy filtered resources.
2016-11-03 16:40:11,514 [Worker-13] INFO  o.e.m.c.i.embedder.EclipseLogger - skip non existing resourceDirectory D:\FreshersTraining\freshersbatch-oct16\Assignments\Hibernate\Workspace\CRUD_Operations\src\test\resources
2016-11-03 16:40:17,486 [Worker-1] INFO  o.e.m.c.i.embedder.EclipseLogger - Using 'UTF-8' encoding to copy filtered resources.
2016-11-03 16:40:17,487 [Worker-1] INFO  o.e.m.c.i.embedder.EclipseLogger - skip non existing resourceDirectory D:\FreshersTraining\freshersbatch-oct16\Assignments\Hibernate\Workspace\CRUD_Operations\src\main\resources
2016-11-03 16:40:17,487 [Worker-1] INFO  o.e.m.c.i.embedder.EclipseLogger - Using 'UTF-8' encoding to copy filtered resources.
2016-11-03 16:40:17,487 [Worker-1] INFO  o.e.m.c.i.embedder.EclipseLogger - skip non existing resourceDirectory D:\FreshersTraining\freshersbatch-oct16\Assignments\Hibernate\Workspace\CRUD_Operations\src\test\resources
2016-11-03 16:41:24,196 [Worker-15] INFO  o.e.m.c.i.embedder.EclipseLogger - Using 'UTF-8' encoding to copy filtered resources.
2016-11-03 16:41:24,197 [Worker-15] INFO  o.e.m.c.i.embedder.EclipseLogger - skip non existing resourceDirectory D:\FreshersTraining\freshersbatch-oct16\Assignments\Hibernate\Workspace\CRUD_Operations\src\main\resources
2016-11-03 16:41:24,198 [Worker-15] INFO  o.e.m.c.i.embedder.EclipseLogger - Using 'UTF-8' encoding to copy filtered resources.
2016-11-03 16:41:24,199 [Worker-15] INFO  o.e.m.c.i.embedder.EclipseLogger - skip non existing resourceDirectory D:\FreshersTraining\freshersbatch-oct16\Assignments\Hibernate\Workspace\CRUD_Operations\src\test\resources
2016-11-03 16:42:18,735 [Worker-4] INFO  o.e.m.c.i.embedder.EclipseLogger - Using 'UTF-8' encoding to copy filtered resources.
2016-11-03 16:42:18,735 [Worker-4] INFO  o.e.m.c.i.embedder.EclipseLogger - skip non existing resourceDirectory D:\FreshersTraining\freshersbatch-oct16\Assignments\Hibernate\Workspace\CRUD_Operations\src\main\resources
2016-11-03 16:42:18,736 [Worker-4] INFO  o.e.m.c.i.embedder.EclipseLogger - Using 'UTF-8' encoding to copy filtered resources.
2016-11-03 16:42:18,736 [Worker-4] INFO  o.e.m.c.i.embedder.EclipseLogger - skip non existing resourceDirectory D:\FreshersTraining\freshersbatch-oct16\Assignments\Hibernate\Workspace\CRUD_Operations\src\test\resources
2016-11-03 16:43:36,129 [Worker-18] INFO  o.e.m.c.i.embedder.EclipseLogger - Using 'UTF-8' encoding to copy filtered resources.
2016-11-03 16:43:36,129 [Worker-18] INFO  o.e.m.c.i.embedder.EclipseLogger - skip non existing resourceDirectory D:\FreshersTraining\freshersbatch-oct16\Assignments\Hibernate\Workspace\CRUD_Operations\src\main\resources
2016-11-03 16:43:36,130 [Worker-18] INFO  o.e.m.c.i.embedder.EclipseLogger - Using 'UTF-8' encoding to copy filtered resources.
2016-11-03 16:43:36,131 [Worker-18] INFO  o.e.m.c.i.embedder.EclipseLogger - skip non existing resourceDirectory D:\FreshersTraining\freshersbatch-oct16\Assignments\Hibernate\Workspace\CRUD_Operations\src\test\resources
2016-11-03 16:43:46,707 [Worker-13] INFO  o.e.m.c.i.embedder.EclipseLogger - Using 'UTF-8' encoding to copy filtered resources.
2016-11-03 16:43:46,708 [Worker-13] INFO  o.e.m.c.i.embedder.EclipseLogger - skip non existing resourceDirectory D:\FreshersTraining\freshersbatch-oct16\Assignments\Hibernate\Workspace\CRUD_Operations\src\main\resources
2016-11-03 16:43:46,708 [Worker-13] INFO  o.e.m.c.i.embedder.EclipseLogger - Using 'UTF-8' encoding to copy filtered resources.
2016-11-03 16:43:46,708 [Worker-13] INFO  o.e.m.c.i.embedder.EclipseLogger - skip non existing resourceDirectory D:\FreshersTraining\freshersbatch-oct16\Assignments\Hibernate\Workspace\CRUD_Operations\src\test\resources
2016-11-03 16:44:02,703 [Worker-13] INFO  o.e.m.c.i.embedder.EclipseLogger - Using 'UTF-8' encoding to copy filtered resources.
2016-11-03 16:44:02,703 [Worker-13] INFO  o.e.m.c.i.embedder.EclipseLogger - skip non existing resourceDirectory D:\FreshersTraining\freshersbatch-oct16\Assignments\Hibernate\Workspace\CRUD_Operations\src\main\resources
2016-11-03 16:44:02,704 [Worker-13] INFO  o.e.m.c.i.embedder.EclipseLogger - Using 'UTF-8' encoding to copy filtered resources.
2016-11-03 16:44:02,704 [Worker-13] INFO  o.e.m.c.i.embedder.EclipseLogger - skip non existing resourceDirectory D:\FreshersTraining\freshersbatch-oct16\Assignments\Hibernate\Workspace\CRUD_Operations\src\test\resources
2016-11-03 16:44:14,707 [Worker-13] INFO  o.e.m.c.i.embedder.EclipseLogger - Using 'UTF-8' encoding to copy filtered resources.
2016-11-03 16:44:14,708 [Worker-13] INFO  o.e.m.c.i.embedder.EclipseLogger - skip non existing resourceDirectory D:\FreshersTraining\freshersbatch-oct16\Assignments\Hibernate\Workspace\CRUD_Operations\src\main\resources
2016-11-03 16:44:14,709 [Worker-13] INFO  o.e.m.c.i.embedder.EclipseLogger - Using 'UTF-8' encoding to copy filtered resources.
2016-11-03 16:44:14,709 [Worker-13] INFO  o.e.m.c.i.embedder.EclipseLogger - skip non existing resourceDirectory D:\FreshersTraining\freshersbatch-oct16\Assignments\Hibernate\Workspace\CRUD_Operations\src\test\resources
2016-11-03 16:44:42,943 [Worker-9] INFO  o.e.m.c.i.embedder.EclipseLogger - Using 'UTF-8' encoding to copy filtered resources.
2016-11-03 16:44:42,943 [Worker-9] INFO  o.e.m.c.i.embedder.EclipseLogger - skip non existing resourceDirectory D:\FreshersTraining\freshersbatch-oct16\Assignments\Hibernate\Workspace\CRUD_Operations\src\main\resources
2016-11-03 16:44:42,944 [Worker-9] INFO  o.e.m.c.i.embedder.EclipseLogger - Using 'UTF-8' encoding to copy filtered resources.
2016-11-03 16:44:42,945 [Worker-9] INFO  o.e.m.c.i.embedder.EclipseLogger - skip non existing resourceDirectory D:\FreshersTraining\freshersbatch-oct16\Assignments\Hibernate\Workspace\CRUD_Operations\src\test\resources
2016-11-03 16:44:54,213 [Worker-1] INFO  o.e.m.c.i.embedder.EclipseLogger - Using 'UTF-8' encoding to copy filtered resources.
2016-11-03 16:44:54,213 [Worker-1] INFO  o.e.m.c.i.embedder.EclipseLogger - skip non existing resourceDirectory D:\FreshersTraining\freshersbatch-oct16\Assignments\Hibernate\Workspace\CRUD_Operations\src\main\resources
2016-11-03 16:44:54,214 [Worker-1] INFO  o.e.m.c.i.embedder.EclipseLogger - Using 'UTF-8' encoding to copy filtered resources.
2016-11-03 16:44:54,214 [Worker-1] INFO  o.e.m.c.i.embedder.EclipseLogger - skip non existing resourceDirectory D:\FreshersTraining\freshersbatch-oct16\Assignments\Hibernate\Workspace\CRUD_Operations\src\test\resources
2016-11-03 16:45:21,236 [Worker-9] INFO  o.e.m.c.i.embedder.EclipseLogger - Using 'UTF-8' encoding to copy filtered resources.
2016-11-03 16:45:21,236 [Worker-9] INFO  o.e.m.c.i.embedder.EclipseLogger - skip non existing resourceDirectory D:\FreshersTraining\freshersbatch-oct16\Assignments\Hibernate\Workspace\CRUD_Operations\src\main\resources
2016-11-03 16:45:21,237 [Worker-9] INFO  o.e.m.c.i.embedder.EclipseLogger - Using 'UTF-8' encoding to copy filtered resources.
2016-11-03 16:45:21,237 [Worker-9] INFO  o.e.m.c.i.embedder.EclipseLogger - skip non existing resourceDirectory D:\FreshersTraining\freshersbatch-oct16\Assignments\Hibernate\Workspace\CRUD_Operations\src\test\resources
2016-11-03 16:45:25,871 [Worker-7] INFO  o.e.m.c.i.embedder.EclipseLogger - Using 'UTF-8' encoding to copy filtered resources.
2016-11-03 16:45:25,871 [Worker-7] INFO  o.e.m.c.i.embedder.EclipseLogger - skip non existing resourceDirectory D:\FreshersTraining\freshersbatch-oct16\Assignments\Hibernate\Workspace\CRUD_Operations\src\main\resources
2016-11-03 16:45:25,872 [Worker-7] INFO  o.e.m.c.i.embedder.EclipseLogger - Using 'UTF-8' encoding to copy filtered resources.
2016-11-03 16:45:25,872 [Worker-7] INFO  o.e.m.c.i.embedder.EclipseLogger - skip non existing resourceDirectory D:\FreshersTraining\freshersbatch-oct16\Assignments\Hibernate\Workspace\CRUD_Operations\src\test\resources
2016-11-03 16:45:51,568 [Worker-9] INFO  o.e.m.c.i.embedder.EclipseLogger - Using 'UTF-8' encoding to copy filtered resources.
2016-11-03 16:45:51,568 [Worker-9] INFO  o.e.m.c.i.embedder.EclipseLogger - skip non existing resourceDirectory D:\FreshersTraining\freshersbatch-oct16\Assignments\Hibernate\Workspace\CRUD_Operations\src\main\resources
2016-11-03 16:45:51,569 [Worker-9] INFO  o.e.m.c.i.embedder.EclipseLogger - Using 'UTF-8' encoding to copy filtered resources.
2016-11-03 16:45:51,570 [Worker-9] INFO  o.e.m.c.i.embedder.EclipseLogger - skip non existing resourceDirectory D:\FreshersTraining\freshersbatch-oct16\Assignments\Hibernate\Workspace\CRUD_Operations\src\test\resources
2016-11-03 16:46:18,819 [Worker-15] INFO  o.e.m.c.i.embedder.EclipseLogger - Using 'UTF-8' encoding to copy filtered resources.
2016-11-03 16:46:18,819 [Worker-15] INFO  o.e.m.c.i.embedder.EclipseLogger - skip non existing resourceDirectory D:\FreshersTraining\freshersbatch-oct16\Assignments\Hibernate\Workspace\CRUD_Operations\src\main\resources
2016-11-03 16:46:18,820 [Worker-15] INFO  o.e.m.c.i.embedder.EclipseLogger - Using 'UTF-8' encoding to copy filtered resources.
2016-11-03 16:46:18,820 [Worker-15] INFO  o.e.m.c.i.embedder.EclipseLogger - skip non existing resourceDirectory D:\FreshersTraining\freshersbatch-oct16\Assignments\Hibernate\Workspace\CRUD_Operations\src\test\resources
2016-11-03 16:46:34,158 [Worker-9] INFO  o.e.m.c.i.embedder.EclipseLogger - Using 'UTF-8' encoding to copy filtered resources.
2016-11-03 16:46:34,158 [Worker-9] INFO  o.e.m.c.i.embedder.EclipseLogger - skip non existing resourceDirectory D:\FreshersTraining\freshersbatch-oct16\Assignments\Hibernate\Workspace\CRUD_Operations\src\main\resources
2016-11-03 16:46:34,158 [Worker-9] INFO  o.e.m.c.i.embedder.EclipseLogger - Using 'UTF-8' encoding to copy filtered resources.
2016-11-03 16:46:34,158 [Worker-9] INFO  o.e.m.c.i.embedder.EclipseLogger - skip non existing resourceDirectory D:\FreshersTraining\freshersbatch-oct16\Assignments\Hibernate\Workspace\CRUD_Operations\src\test\resources
2016-11-03 16:46:38,288 [Worker-4] INFO  o.e.m.c.i.embedder.EclipseLogger - Using 'UTF-8' encoding to copy filtered resources.
2016-11-03 16:46:38,288 [Worker-4] INFO  o.e.m.c.i.embedder.EclipseLogger - skip non existing resourceDirectory D:\FreshersTraining\freshersbatch-oct16\Assignments\Hibernate\Workspace\CRUD_Operations\src\main\resources
2016-11-03 16:46:38,288 [Worker-4] INFO  o.e.m.c.i.embedder.EclipseLogger - Using 'UTF-8' encoding to copy filtered resources.
2016-11-03 16:46:38,288 [Worker-4] INFO  o.e.m.c.i.embedder.EclipseLogger - skip non existing resourceDirectory D:\FreshersTraining\freshersbatch-oct16\Assignments\Hibernate\Workspace\CRUD_Operations\src\test\resources
2016-11-03 16:46:41,868 [Worker-15] INFO  o.e.m.c.i.embedder.EclipseLogger - Using 'UTF-8' encoding to copy filtered resources.
2016-11-03 16:46:41,868 [Worker-15] INFO  o.e.m.c.i.embedder.EclipseLogger - skip non existing resourceDirectory D:\FreshersTraining\freshersbatch-oct16\Assignments\Hibernate\Workspace\CRUD_Operations\src\main\resources
2016-11-03 16:46:41,869 [Worker-15] INFO  o.e.m.c.i.embedder.EclipseLogger - Using 'UTF-8' encoding to copy filtered resources.
2016-11-03 16:46:41,869 [Worker-15] INFO  o.e.m.c.i.embedder.EclipseLogger - skip non existing resourceDirectory D:\FreshersTraining\freshersbatch-oct16\Assignments\Hibernate\Workspace\CRUD_Operations\src\test\resources
2016-11-03 16:46:53,610 [Worker-15] INFO  o.e.m.c.i.embedder.EclipseLogger - Using 'UTF-8' encoding to copy filtered resources.
2016-11-03 16:46:53,610 [Worker-15] INFO  o.e.m.c.i.embedder.EclipseLogger - skip non existing resourceDirectory D:\FreshersTraining\freshersbatch-oct16\Assignments\Hibernate\Workspace\CRUD_Operations\src\main\resources
2016-11-03 16:46:53,611 [Worker-15] INFO  o.e.m.c.i.embedder.EclipseLogger - Using 'UTF-8' encoding to copy filtered resources.
2016-11-03 16:46:53,611 [Worker-15] INFO  o.e.m.c.i.embedder.EclipseLogger - skip non existing resourceDirectory D:\FreshersTraining\freshersbatch-oct16\Assignments\Hibernate\Workspace\CRUD_Operations\src\test\resources
2016-11-03 16:47:32,651 [Worker-9] INFO  o.e.m.c.i.embedder.EclipseLogger - Using 'UTF-8' encoding to copy filtered resources.
2016-11-03 16:47:32,651 [Worker-9] INFO  o.e.m.c.i.embedder.EclipseLogger - skip non existing resourceDirectory D:\FreshersTraining\freshersbatch-oct16\Assignments\Hibernate\Workspace\CRUD_Operations\src\main\resources
2016-11-03 16:47:32,652 [Worker-9] INFO  o.e.m.c.i.embedder.EclipseLogger - Using 'UTF-8' encoding to copy filtered resources.
2016-11-03 16:47:32,652 [Worker-9] INFO  o.e.m.c.i.embedder.EclipseLogger - skip non existing resourceDirectory D:\FreshersTraining\freshersbatch-oct16\Assignments\Hibernate\Workspace\CRUD_Operations\src\test\resources
2016-11-03 16:47:50,086 [Worker-13] INFO  o.e.m.c.i.embedder.EclipseLogger - Using 'UTF-8' encoding to copy filtered resources.
2016-11-03 16:47:50,086 [Worker-13] INFO  o.e.m.c.i.embedder.EclipseLogger - skip non existing resourceDirectory D:\FreshersTraining\freshersbatch-oct16\Assignments\Hibernate\Workspace\CRUD_Operations\src\main\resources
2016-11-03 16:47:50,086 [Worker-13] INFO  o.e.m.c.i.embedder.EclipseLogger - Using 'UTF-8' encoding to copy filtered resources.
2016-11-03 16:47:50,086 [Worker-13] INFO  o.e.m.c.i.embedder.EclipseLogger - skip non existing resourceDirectory D:\FreshersTraining\freshersbatch-oct16\Assignments\Hibernate\Workspace\CRUD_Operations\src\test\resources
2016-11-03 16:50:26,196 [Worker-1] INFO  o.e.m.c.i.embedder.EclipseLogger - Using 'UTF-8' encoding to copy filtered resources.
2016-11-03 16:50:26,196 [Worker-1] INFO  o.e.m.c.i.embedder.EclipseLogger - skip non existing resourceDirectory D:\FreshersTraining\freshersbatch-oct16\Assignments\Hibernate\Workspace\CRUD_Operations\src\main\resources
2016-11-03 16:50:26,196 [Worker-1] INFO  o.e.m.c.i.embedder.EclipseLogger - Using 'UTF-8' encoding to copy filtered resources.
2016-11-03 16:50:26,196 [Worker-1] INFO  o.e.m.c.i.embedder.EclipseLogger - skip non existing resourceDirectory D:\FreshersTraining\freshersbatch-oct16\Assignments\Hibernate\Workspace\CRUD_Operations\src\test\resources
2016-11-03 16:50:43,094 [Worker-1] INFO  o.e.m.c.i.embedder.EclipseLogger - Using 'UTF-8' encoding to copy filtered resources.
2016-11-03 16:50:43,094 [Worker-1] INFO  o.e.m.c.i.embedder.EclipseLogger - skip non existing resourceDirectory D:\FreshersTraining\freshersbatch-oct16\Assignments\Hibernate\Workspace\CRUD_Operations\src\main\resources
2016-11-03 16:50:43,095 [Worker-1] INFO  o.e.m.c.i.embedder.EclipseLogger - Using 'UTF-8' encoding to copy filtered resources.
2016-11-03 16:50:43,095 [Worker-1] INFO  o.e.m.c.i.embedder.EclipseLogger - skip non existing resourceDirectory D:\FreshersTraining\freshersbatch-oct16\Assignments\Hibernate\Workspace\CRUD_Operations\src\test\resources
2016-11-03 16:50:59,236 [Worker-21] INFO  o.e.m.c.i.embedder.EclipseLogger - Using 'UTF-8' encoding to copy filtered resources.
2016-11-03 16:50:59,236 [Worker-21] INFO  o.e.m.c.i.embedder.EclipseLogger - skip non existing resourceDirectory D:\FreshersTraining\freshersbatch-oct16\Assignments\Hibernate\Workspace\CRUD_Operations\src\main\resources
2016-11-03 16:50:59,236 [Worker-21] INFO  o.e.m.c.i.embedder.EclipseLogger - Using 'UTF-8' encoding to copy filtered resources.
2016-11-03 16:50:59,237 [Worker-21] INFO  o.e.m.c.i.embedder.EclipseLogger - skip non existing resourceDirectory D:\FreshersTraining\freshersbatch-oct16\Assignments\Hibernate\Workspace\CRUD_Operations\src\test\resources
2016-11-03 16:51:02,395 [Worker-1] INFO  o.e.m.c.i.embedder.EclipseLogger - Using 'UTF-8' encoding to copy filtered resources.
2016-11-03 16:51:02,395 [Worker-1] INFO  o.e.m.c.i.embedder.EclipseLogger - skip non existing resourceDirectory D:\FreshersTraining\freshersbatch-oct16\Assignments\Hibernate\Workspace\CRUD_Operations\src\main\resources
2016-11-03 16:51:02,396 [Worker-1] INFO  o.e.m.c.i.embedder.EclipseLogger - Using 'UTF-8' encoding to copy filtered resources.
2016-11-03 16:51:02,397 [Worker-1] INFO  o.e.m.c.i.embedder.EclipseLogger - skip non existing resourceDirectory D:\FreshersTraining\freshersbatch-oct16\Assignments\Hibernate\Workspace\CRUD_Operations\src\test\resources
2016-11-03 16:51:04,472 [Worker-22] INFO  o.e.m.c.i.embedder.EclipseLogger - Using 'UTF-8' encoding to copy filtered resources.
2016-11-03 16:51:04,472 [Worker-22] INFO  o.e.m.c.i.embedder.EclipseLogger - skip non existing resourceDirectory D:\FreshersTraining\freshersbatch-oct16\Assignments\Hibernate\Workspace\CRUD_Operations\src\main\resources
2016-11-03 16:51:04,473 [Worker-22] INFO  o.e.m.c.i.embedder.EclipseLogger - Using 'UTF-8' encoding to copy filtered resources.
2016-11-03 16:51:04,473 [Worker-22] INFO  o.e.m.c.i.embedder.EclipseLogger - skip non existing resourceDirectory D:\FreshersTraining\freshersbatch-oct16\Assignments\Hibernate\Workspace\CRUD_Operations\src\test\resources
2016-11-03 16:52:32,546 [Worker-24] INFO  o.e.m.c.i.embedder.EclipseLogger - Using 'UTF-8' encoding to copy filtered resources.
2016-11-03 16:52:32,546 [Worker-24] INFO  o.e.m.c.i.embedder.EclipseLogger - skip non existing resourceDirectory D:\FreshersTraining\freshersbatch-oct16\Assignments\Hibernate\Workspace\CRUD_Operations\src\main\resources
2016-11-03 16:52:32,547 [Worker-24] INFO  o.e.m.c.i.embedder.EclipseLogger - Using 'UTF-8' encoding to copy filtered resources.
2016-11-03 16:52:32,547 [Worker-24] INFO  o.e.m.c.i.embedder.EclipseLogger - skip non existing resourceDirectory D:\FreshersTraining\freshersbatch-oct16\Assignments\Hibernate\Workspace\CRUD_Operations\src\test\resources
2016-11-03 16:52:34,723 [Worker-1] INFO  o.e.m.c.i.embedder.EclipseLogger - Using 'UTF-8' encoding to copy filtered resources.
2016-11-03 16:52:34,723 [Worker-1] INFO  o.e.m.c.i.embedder.EclipseLogger - skip non existing resourceDirectory D:\FreshersTraining\freshersbatch-oct16\Assignments\Hibernate\Workspace\CRUD_Operations\src\main\resources
2016-11-03 16:52:34,725 [Worker-1] INFO  o.e.m.c.i.embedder.EclipseLogger - Using 'UTF-8' encoding to copy filtered resources.
2016-11-03 16:52:34,726 [Worker-1] INFO  o.e.m.c.i.embedder.EclipseLogger - skip non existing resourceDirectory D:\FreshersTraining\freshersbatch-oct16\Assignments\Hibernate\Workspace\CRUD_Operations\src\test\resources
2016-11-03 16:53:06,336 [Worker-1] INFO  o.e.m.c.i.embedder.EclipseLogger - Using 'UTF-8' encoding to copy filtered resources.
2016-11-03 16:53:06,336 [Worker-1] INFO  o.e.m.c.i.embedder.EclipseLogger - skip non existing resourceDirectory D:\FreshersTraining\freshersbatch-oct16\Assignments\Hibernate\Workspace\CRUD_Operations\src\main\resources
2016-11-03 16:53:06,337 [Worker-1] INFO  o.e.m.c.i.embedder.EclipseLogger - Using 'UTF-8' encoding to copy filtered resources.
2016-11-03 16:53:06,337 [Worker-1] INFO  o.e.m.c.i.embedder.EclipseLogger - skip non existing resourceDirectory D:\FreshersTraining\freshersbatch-oct16\Assignments\Hibernate\Workspace\CRUD_Operations\src\test\resources
2016-11-03 16:53:12,777 [Worker-24] INFO  o.e.m.c.i.embedder.EclipseLogger - Using 'UTF-8' encoding to copy filtered resources.
2016-11-03 16:53:12,778 [Worker-24] INFO  o.e.m.c.i.embedder.EclipseLogger - skip non existing resourceDirectory D:\FreshersTraining\freshersbatch-oct16\Assignments\Hibernate\Workspace\CRUD_Operations\src\main\resources
2016-11-03 16:53:12,779 [Worker-24] INFO  o.e.m.c.i.embedder.EclipseLogger - Using 'UTF-8' encoding to copy filtered resources.
2016-11-03 16:53:12,779 [Worker-24] INFO  o.e.m.c.i.embedder.EclipseLogger - skip non existing resourceDirectory D:\FreshersTraining\freshersbatch-oct16\Assignments\Hibernate\Workspace\CRUD_Operations\src\test\resources
2016-11-03 16:53:13,829 [Worker-20] INFO  o.e.m.c.i.embedder.EclipseLogger - Using 'UTF-8' encoding to copy filtered resources.
2016-11-03 16:53:13,829 [Worker-20] INFO  o.e.m.c.i.embedder.EclipseLogger - skip non existing resourceDirectory D:\FreshersTraining\freshersbatch-oct16\Assignments\Hibernate\Workspace\CRUD_Operations\src\main\resources
2016-11-03 16:53:13,830 [Worker-20] INFO  o.e.m.c.i.embedder.EclipseLogger - Using 'UTF-8' encoding to copy filtered resources.
2016-11-03 16:53:13,830 [Worker-20] INFO  o.e.m.c.i.embedder.EclipseLogger - skip non existing resourceDirectory D:\FreshersTraining\freshersbatch-oct16\Assignments\Hibernate\Workspace\CRUD_Operations\src\test\resources
